#
# There is insufficient memory for the Java Runtime Environment to continue.
# Native memory allocation (malloc) failed to allocate 1119696 bytes for Chunk::new
# Possible reasons:
#   The system is out of physical RAM or swap space
#   The process is running with CompressedOops enabled, and the Java Heap may be blocking the growth of the native heap
# Possible solutions:
#   Reduce memory load on the system
#   Increase physical memory or swap space
#   Check if swap backing store is full
#   Decrease Java heap size (-Xmx/-Xms)
#   Decrease number of Java threads
#   Decrease Java thread stack sizes (-Xss)
#   Set larger code cache with -XX:ReservedCodeCacheSize=
#   JVM is running with Unscaled Compressed Oops mode in which the Java heap is
#     placed in the first 4GB address space. The Java Heap base address is the
#     maximum limit for the native heap growth. Please use -XX:HeapBaseMinAddress
#     to set the Java Heap base and to place the Java Heap above 4GB virtual address.
# This output file may be truncated or incomplete.
#
#  Out of Memory Error (./src/hotspot/share/memory/arena.cpp:197), pid=19012, tid=3952
#
# JRE version: OpenJDK Runtime Environment (11.0.11+9) (build 11.0.11+9-b60-7590822)
# Java VM: OpenJDK 64-Bit Server VM (11.0.11+9-b60-7590822, mixed mode, tiered, compressed oops, g1 gc, windows-amd64)
# No core dump will be written. Minidumps are not enabled by default on client versions of Windows
#

---------------  S U M M A R Y ------------

Command Line: --add-opens=java.base/java.util=ALL-UNNAMED --add-opens=java.base/java.lang=ALL-UNNAMED --add-opens=java.base/java.lang.invoke=ALL-UNNAMED --add-opens=java.base/java.util=ALL-UNNAMED --add-opens=java.prefs/java.util.prefs=ALL-UNNAMED --add-opens=java.prefs/java.util.prefs=ALL-UNNAMED --add-opens=java.base/java.nio.charset=ALL-UNNAMED --add-opens=java.base/java.net=ALL-UNNAMED --add-opens=java.base/java.util.concurrent.atomic=ALL-UNNAMED -Xmx2048m -Dfile.encoding=UTF-8 -Duser.country=CN -Duser.language=zh -Duser.variant org.gradle.launcher.daemon.bootstrap.GradleDaemon 7.2

Host: Intel(R) Core(TM) i5-10200H CPU @ 2.40GHz, 8 cores, 15G,  Windows 10 , 64 bit Build 19041 (10.0.19041.1806)
Time: Mon Jul 25 23:29:15 2022 中国标准时间 elapsed time: 6.264754 seconds (0d 0h 0m 6s)

---------------  T H R E A D  ---------------

Current thread (0x00000172ea20f800):  JavaThread "C2 CompilerThread0" daemon [_thread_in_native, id=3952, stack(0x000000132db00000,0x000000132dc00000)]


Current CompileTask:
C2:   6264 6064   !   4       java.util.jar.Attributes::read (390 bytes)

Stack: [0x000000132db00000,0x000000132dc00000]
Native frames: (J=compiled Java code, j=interpreted, Vv=VM code, C=native code)
V  [jvm.dll+0x5f214a]
V  [jvm.dll+0x726fb5]
V  [jvm.dll+0x7285cd]
V  [jvm.dll+0x728c83]
V  [jvm.dll+0x243278]
V  [jvm.dll+0xbc53c]
V  [jvm.dll+0xbca3c]
V  [jvm.dll+0x353e7d]
V  [jvm.dll+0x321893]
V  [jvm.dll+0x320d8a]
V  [jvm.dll+0x1fc1e2]
V  [jvm.dll+0x1fb3d4]
V  [jvm.dll+0x183d6c]
V  [jvm.dll+0x209a57]
V  [jvm.dll+0x2082a1]
V  [jvm.dll+0x6ef58f]
V  [jvm.dll+0x6e80b5]
V  [jvm.dll+0x5f1036]
C  [ucrtbase.dll+0x21bb2]
C  [KERNEL32.DLL+0x17034]
C  [ntdll.dll+0x52651]


---------------  P R O C E S S  ---------------

Threads class SMR info:
_java_thread_list=0x00000172ef525b80, length=124, elements={
0x00000172cf4a0800, 0x00000172ea183800, 0x00000172ea18e800, 0x00000172ea1a8800,
0x00000172ea1a9800, 0x00000172ea1aa800, 0x00000172ea20f800, 0x00000172ea210800,
0x00000172ea211800, 0x00000172ea378000, 0x00000172ec24d000, 0x00000172ed14e800,
0x00000172ea48a000, 0x00000172eb83e000, 0x00000172eca17800, 0x00000172ec2d9800,
0x00000172eca28800, 0x00000172eb659800, 0x00000172ed08f800, 0x00000172ed08a000,
0x00000172ed08b800, 0x00000172ed08d000, 0x00000172ed08e000, 0x00000172ec810800,
0x00000172ed090800, 0x00000172ed08a800, 0x00000172edd14800, 0x00000172ed08f000,
0x00000172ed08c800, 0x00000172edb87800, 0x00000172edb84800, 0x00000172edb87000,
0x00000172edb82800, 0x00000172edb88800, 0x00000172edb8a000, 0x00000172edb8b000,
0x00000172edb85000, 0x00000172edb8b800, 0x00000172edb86000, 0x00000172edb8c800,
0x00000172edb8d800, 0x00000172edb8e000, 0x00000172edb8f000, 0x00000172edb90000,
0x00000172edb90800, 0x00000172ef357000, 0x00000172ef356800, 0x00000172ef354000,
0x00000172ef358000, 0x00000172ef352800, 0x00000172ef359000, 0x00000172ef354800,
0x00000172ef353000, 0x00000172ef35b800, 0x00000172ef355800, 0x00000172ef35c000,
0x00000172ef359800, 0x00000172ef35d000, 0x00000172ef35e800, 0x00000172ef35d800,
0x00000172ef35f800, 0x00000172ef360000, 0x00000172ef35a800, 0x00000172ef361000,
0x00000172ede89800, 0x00000172ede8d000, 0x00000172ede8c000, 0x00000172ede8a800,
0x00000172ede8d800, 0x00000172ede88800, 0x00000172ede8e800, 0x00000172ede90000,
0x00000172ede8f000, 0x00000172ede91000, 0x00000172ede8b000, 0x00000172ede95800,
0x00000172ede97800, 0x00000172ede91800, 0x00000172ede96800, 0x00000172ede92800,
0x00000172ede93800, 0x00000172ede94000, 0x00000172ede95000, 0x00000172f1118000,
0x00000172f111c000, 0x00000172f1116800, 0x00000172f111a800, 0x00000172f111b800,
0x00000172f1119000, 0x00000172f111d000, 0x00000172f1117000, 0x00000172f111d800,
0x00000172f111e800, 0x00000172f111f800, 0x00000172f1119800, 0x00000172f1124800,
0x00000172f1122800, 0x00000172f1125000, 0x00000172f1120000, 0x00000172f1121000,
0x00000172f1122000, 0x00000172f1123800, 0x00000172edc88800, 0x00000172edc89800,
0x00000172edc8b000, 0x00000172edc8a000, 0x00000172edc87000, 0x00000172edc85000,
0x00000172edc8c000, 0x00000172edc86000, 0x00000172edc8d800, 0x00000172edc8c800,
0x00000172edc87800, 0x00000172edc91800, 0x00000172edc92800, 0x00000172edc8f000,
0x00000172edc90800, 0x00000172edc93000, 0x00000172edc94000, 0x00000172edc8e000,
0x00000172edc90000, 0x00000172f02cb000, 0x00000172f02cc000, 0x00000172f02cd000
}

Java Threads: ( => current thread )
  0x00000172cf4a0800 JavaThread "main" [_thread_blocked, id=17176, stack(0x000000132cf00000,0x000000132d000000)]
  0x00000172ea183800 JavaThread "Reference Handler" daemon [_thread_blocked, id=8900, stack(0x000000132d600000,0x000000132d700000)]
  0x00000172ea18e800 JavaThread "Finalizer" daemon [_thread_blocked, id=13888, stack(0x000000132d700000,0x000000132d800000)]
  0x00000172ea1a8800 JavaThread "Signal Dispatcher" daemon [_thread_blocked, id=11152, stack(0x000000132d800000,0x000000132d900000)]
  0x00000172ea1a9800 JavaThread "Attach Listener" daemon [_thread_blocked, id=22956, stack(0x000000132d900000,0x000000132da00000)]
  0x00000172ea1aa800 JavaThread "Service Thread" daemon [_thread_blocked, id=16900, stack(0x000000132da00000,0x000000132db00000)]
=>0x00000172ea20f800 JavaThread "C2 CompilerThread0" daemon [_thread_in_native, id=3952, stack(0x000000132db00000,0x000000132dc00000)]
  0x00000172ea210800 JavaThread "C1 CompilerThread0" daemon [_thread_blocked, id=11748, stack(0x000000132dc00000,0x000000132dd00000)]
  0x00000172ea211800 JavaThread "Sweeper thread" daemon [_thread_blocked, id=24460, stack(0x000000132dd00000,0x000000132de00000)]
  0x00000172ea378000 JavaThread "Common-Cleaner" daemon [_thread_blocked, id=25064, stack(0x000000132de00000,0x000000132df00000)]
  0x00000172ec24d000 JavaThread "Daemon health stats" [_thread_blocked, id=148, stack(0x000000132e700000,0x000000132e800000)]
  0x00000172ed14e800 JavaThread "Incoming local TCP Connector on port 52411" [_thread_in_native, id=17480, stack(0x000000132e000000,0x000000132e100000)]
  0x00000172ea48a000 JavaThread "Daemon periodic checks" [_thread_blocked, id=23452, stack(0x000000132e600000,0x000000132e700000)]
  0x00000172eb83e000 JavaThread "Daemon" [_thread_blocked, id=6432, stack(0x000000132e800000,0x000000132e900000)]
  0x00000172eca17800 JavaThread "Handler for socket connection from /127.0.0.1:52411 to /127.0.0.1:52412" [_thread_in_native, id=24212, stack(0x000000132e900000,0x000000132ea00000)]
  0x00000172ec2d9800 JavaThread "Cancel handler" [_thread_blocked, id=25436, stack(0x000000132ea00000,0x000000132eb00000)]
  0x00000172eca28800 JavaThread "Daemon worker" [_thread_in_Java, id=20620, stack(0x000000132eb00000,0x000000132ec00000)]
  0x00000172eb659800 JavaThread "Asynchronous log dispatcher for DefaultDaemonConnection: socket connection from /127.0.0.1:52411 to /127.0.0.1:52412" [_thread_blocked, id=5488, stack(0x000000132ec00000,0x000000132ed00000)]
  0x00000172ed08f800 JavaThread "Stdin handler" [_thread_blocked, id=26620, stack(0x000000132ed00000,0x000000132ee00000)]
  0x00000172ed08a000 JavaThread "Daemon client event forwarder" [_thread_blocked, id=13712, stack(0x000000132ee00000,0x000000132ef00000)]
  0x00000172ed08b800 JavaThread "Cache worker for journal cache (C:\Users\09\.gradle\caches\journal-1)" [_thread_blocked, id=19180, stack(0x000000132ef00000,0x000000132f000000)]
  0x00000172ed08d000 JavaThread "File lock request listener" [_thread_in_native, id=21996, stack(0x000000132f000000,0x000000132f100000)]
  0x00000172ed08e000 JavaThread "Cache worker for file hash cache (C:\Users\09\.gradle\caches\7.2\fileHashes)" [_thread_blocked, id=11972, stack(0x000000132f100000,0x000000132f200000)]
  0x00000172ec810800 JavaThread "C2 CompilerThread1" daemon [_thread_in_native, id=23272, stack(0x000000132f500000,0x000000132f600000)]
  0x00000172ed090800 JavaThread "Cache worker for file hash cache (D:\Android\Bytledance_device\.gradle\7.2\fileHashes)" [_thread_blocked, id=11084, stack(0x000000132f600000,0x000000132f700000)]
  0x00000172ed08a800 JavaThread "File watcher server" daemon [_thread_in_native, id=23764, stack(0x000000132f700000,0x000000132f800000)]
  0x00000172edd14800 JavaThread "C2 CompilerThread2" daemon [_thread_in_native, id=1284, stack(0x000000132f800000,0x000000132f900000)]
  0x00000172ed08f000 JavaThread "File watcher consumer" daemon [_thread_blocked, id=23336, stack(0x000000132f900000,0x000000132fa00000)]
  0x00000172ed08c800 JavaThread "Cache worker for checksums cache (D:\Android\Bytledance_device\.gradle\checksums)" [_thread_blocked, id=10708, stack(0x000000132fa00000,0x000000132fb00000)]
  0x00000172edb87800 JavaThread "Cache worker for cache directory md-supplier (C:\Users\09\.gradle\caches\7.2\md-supplier)" [_thread_blocked, id=11976, stack(0x000000132fb00000,0x000000132fc00000)]
  0x00000172edb84800 JavaThread "Cache worker for cache directory md-rule (C:\Users\09\.gradle\caches\7.2\md-rule)" [_thread_blocked, id=18744, stack(0x000000132fc00000,0x000000132fd00000)]
  0x00000172edb87000 JavaThread "Cache worker for execution history cache (C:\Users\09\.gradle\caches\7.2\executionHistory)" [_thread_blocked, id=21428, stack(0x000000132fd00000,0x000000132fe00000)]
  0x00000172edb82800 JavaThread "jar transforms" [_thread_blocked, id=22760, stack(0x000000132fe00000,0x000000132ff00000)]
  0x00000172edb88800 JavaThread "Cache worker for file content cache (C:\Users\09\.gradle\caches\7.2\fileContent)" [_thread_blocked, id=23992, stack(0x000000132ff00000,0x0000001330000000)]
  0x00000172edb8a000 JavaThread "jar transforms Thread 2" [_thread_blocked, id=7688, stack(0x0000001330000000,0x0000001330100000)]
  0x00000172edb8b000 JavaThread "Cache worker for dependencies-accessors (D:\Android\Bytledance_device\.gradle\7.2\dependencies-accessors)" [_thread_blocked, id=18636, stack(0x0000001330100000,0x0000001330200000)]
  0x00000172edb85000 JavaThread "jar transforms Thread 3" [_thread_blocked, id=12524, stack(0x0000001330200000,0x0000001330300000)]
  0x00000172edb8b800 JavaThread "Cache worker for Build Output Cleanup Cache (D:\Android\Bytledance_device\.gradle\buildOutputCleanup)" [_thread_blocked, id=25212, stack(0x0000001330300000,0x0000001330400000)]
  0x00000172edb86000 JavaThread "Unconstrained build operations" [_thread_blocked, id=26204, stack(0x0000001330400000,0x0000001330500000)]
  0x00000172edb8c800 JavaThread "Unconstrained build operations Thread 2" [_thread_blocked, id=18496, stack(0x0000001330500000,0x0000001330600000)]
  0x00000172edb8d800 JavaThread "Unconstrained build operations Thread 3" [_thread_blocked, id=24076, stack(0x0000001330600000,0x0000001330700000)]
  0x00000172edb8e000 JavaThread "Unconstrained build operations Thread 4" [_thread_blocked, id=25788, stack(0x0000001330700000,0x0000001330800000)]
  0x00000172edb8f000 JavaThread "Unconstrained build operations Thread 5" [_thread_blocked, id=25820, stack(0x0000001330800000,0x0000001330900000)]
  0x00000172edb90000 JavaThread "Unconstrained build operations Thread 6" [_thread_blocked, id=11696, stack(0x0000001330900000,0x0000001330a00000)]
  0x00000172edb90800 JavaThread "Unconstrained build operations Thread 7" [_thread_blocked, id=9236, stack(0x0000001330a00000,0x0000001330b00000)]
  0x00000172ef357000 JavaThread "Unconstrained build operations Thread 8" [_thread_blocked, id=23352, stack(0x0000001330b00000,0x0000001330c00000)]
  0x00000172ef356800 JavaThread "Unconstrained build operations Thread 9" [_thread_blocked, id=23600, stack(0x0000001330c00000,0x0000001330d00000)]
  0x00000172ef354000 JavaThread "Unconstrained build operations Thread 10" [_thread_blocked, id=4356, stack(0x0000001330d00000,0x0000001330e00000)]
  0x00000172ef358000 JavaThread "Unconstrained build operations Thread 11" [_thread_blocked, id=18784, stack(0x0000001330e00000,0x0000001330f00000)]
  0x00000172ef352800 JavaThread "Unconstrained build operations Thread 12" [_thread_blocked, id=21072, stack(0x0000001330f00000,0x0000001331000000)]
  0x00000172ef359000 JavaThread "Unconstrained build operations Thread 13" [_thread_blocked, id=21820, stack(0x0000001331000000,0x0000001331100000)]
  0x00000172ef354800 JavaThread "Unconstrained build operations Thread 14" [_thread_blocked, id=20388, stack(0x0000001331100000,0x0000001331200000)]
  0x00000172ef353000 JavaThread "Unconstrained build operations Thread 15" [_thread_blocked, id=19076, stack(0x0000001331200000,0x0000001331300000)]
  0x00000172ef35b800 JavaThread "Unconstrained build operations Thread 16" [_thread_blocked, id=19968, stack(0x0000001331300000,0x0000001331400000)]
  0x00000172ef355800 JavaThread "Unconstrained build operations Thread 17" [_thread_blocked, id=22564, stack(0x0000001331400000,0x0000001331500000)]
  0x00000172ef35c000 JavaThread "Unconstrained build operations Thread 18" [_thread_blocked, id=1968, stack(0x0000001331500000,0x0000001331600000)]
  0x00000172ef359800 JavaThread "Unconstrained build operations Thread 19" [_thread_blocked, id=25816, stack(0x0000001331600000,0x0000001331700000)]
  0x00000172ef35d000 JavaThread "Unconstrained build operations Thread 20" [_thread_blocked, id=15692, stack(0x0000001331700000,0x0000001331800000)]
  0x00000172ef35e800 JavaThread "Unconstrained build operations Thread 21" [_thread_blocked, id=7120, stack(0x0000001331800000,0x0000001331900000)]
  0x00000172ef35d800 JavaThread "Unconstrained build operations Thread 22" [_thread_blocked, id=19904, stack(0x0000001331900000,0x0000001331a00000)]
  0x00000172ef35f800 JavaThread "Unconstrained build operations Thread 23" [_thread_blocked, id=17756, stack(0x0000001331a00000,0x0000001331b00000)]
  0x00000172ef360000 JavaThread "Unconstrained build operations Thread 24" [_thread_blocked, id=22396, stack(0x0000001331b00000,0x0000001331c00000)]
  0x00000172ef35a800 JavaThread "Unconstrained build operations Thread 25" [_thread_blocked, id=7752, stack(0x0000001331c00000,0x0000001331d00000)]
  0x00000172ef361000 JavaThread "Unconstrained build operations Thread 26" [_thread_blocked, id=26412, stack(0x0000001331d00000,0x0000001331e00000)]
  0x00000172ede89800 JavaThread "Unconstrained build operations Thread 27" [_thread_blocked, id=23544, stack(0x0000001331e00000,0x0000001331f00000)]
  0x00000172ede8d000 JavaThread "Unconstrained build operations Thread 28" [_thread_blocked, id=8120, stack(0x0000001331f00000,0x0000001332000000)]
  0x00000172ede8c000 JavaThread "Unconstrained build operations Thread 29" [_thread_blocked, id=16024, stack(0x0000001332000000,0x0000001332100000)]
  0x00000172ede8a800 JavaThread "Unconstrained build operations Thread 30" [_thread_blocked, id=24052, stack(0x0000001332100000,0x0000001332200000)]
  0x00000172ede8d800 JavaThread "Unconstrained build operations Thread 31" [_thread_blocked, id=26244, stack(0x0000001332200000,0x0000001332300000)]
  0x00000172ede88800 JavaThread "Unconstrained build operations Thread 32" [_thread_blocked, id=9432, stack(0x0000001332300000,0x0000001332400000)]
  0x00000172ede8e800 JavaThread "Unconstrained build operations Thread 33" [_thread_blocked, id=9648, stack(0x0000001332400000,0x0000001332500000)]
  0x00000172ede90000 JavaThread "Unconstrained build operations Thread 34" [_thread_blocked, id=17724, stack(0x0000001332500000,0x0000001332600000)]
  0x00000172ede8f000 JavaThread "Unconstrained build operations Thread 35" [_thread_blocked, id=13860, stack(0x0000001332600000,0x0000001332700000)]
  0x00000172ede91000 JavaThread "Unconstrained build operations Thread 36" [_thread_blocked, id=10304, stack(0x0000001332700000,0x0000001332800000)]
  0x00000172ede8b000 JavaThread "Unconstrained build operations Thread 37" [_thread_blocked, id=25084, stack(0x0000001332800000,0x0000001332900000)]
  0x00000172ede95800 JavaThread "Unconstrained build operations Thread 38" [_thread_blocked, id=8876, stack(0x0000001332900000,0x0000001332a00000)]
  0x00000172ede97800 JavaThread "Unconstrained build operations Thread 39" [_thread_blocked, id=25988, stack(0x0000001332a00000,0x0000001332b00000)]
  0x00000172ede91800 JavaThread "Unconstrained build operations Thread 40" [_thread_blocked, id=23420, stack(0x0000001332b00000,0x0000001332c00000)]
  0x00000172ede96800 JavaThread "Unconstrained build operations Thread 41" [_thread_blocked, id=10932, stack(0x0000001332c00000,0x0000001332d00000)]
  0x00000172ede92800 JavaThread "Unconstrained build operations Thread 42" [_thread_blocked, id=9060, stack(0x0000001332d00000,0x0000001332e00000)]
  0x00000172ede93800 JavaThread "Unconstrained build operations Thread 43" [_thread_blocked, id=10204, stack(0x0000001332e00000,0x0000001332f00000)]
  0x00000172ede94000 JavaThread "Unconstrained build operations Thread 44" [_thread_blocked, id=1780, stack(0x0000001332f00000,0x0000001333000000)]
  0x00000172ede95000 JavaThread "Unconstrained build operations Thread 45" [_thread_blocked, id=21064, stack(0x0000001333000000,0x0000001333100000)]
  0x00000172f1118000 JavaThread "Unconstrained build operations Thread 46" [_thread_blocked, id=14380, stack(0x0000001333100000,0x0000001333200000)]
  0x00000172f111c000 JavaThread "Unconstrained build operations Thread 47" [_thread_blocked, id=9564, stack(0x0000001333200000,0x0000001333300000)]
  0x00000172f1116800 JavaThread "Unconstrained build operations Thread 48" [_thread_blocked, id=23380, stack(0x0000001333300000,0x0000001333400000)]
  0x00000172f111a800 JavaThread "Unconstrained build operations Thread 49" [_thread_blocked, id=19560, stack(0x0000001333400000,0x0000001333500000)]
  0x00000172f111b800 JavaThread "Unconstrained build operations Thread 50" [_thread_blocked, id=14184, stack(0x0000001333500000,0x0000001333600000)]
  0x00000172f1119000 JavaThread "Unconstrained build operations Thread 51" [_thread_blocked, id=396, stack(0x0000001333600000,0x0000001333700000)]
  0x00000172f111d000 JavaThread "Unconstrained build operations Thread 52" [_thread_blocked, id=24204, stack(0x0000001333700000,0x0000001333800000)]
  0x00000172f1117000 JavaThread "Unconstrained build operations Thread 53" [_thread_blocked, id=21560, stack(0x0000001333800000,0x0000001333900000)]
  0x00000172f111d800 JavaThread "Unconstrained build operations Thread 54" [_thread_blocked, id=2728, stack(0x0000001333900000,0x0000001333a00000)]
  0x00000172f111e800 JavaThread "Unconstrained build operations Thread 55" [_thread_blocked, id=21308, stack(0x0000001333a00000,0x0000001333b00000)]
  0x00000172f111f800 JavaThread "Unconstrained build operations Thread 56" [_thread_blocked, id=23384, stack(0x0000001333b00000,0x0000001333c00000)]
  0x00000172f1119800 JavaThread "Unconstrained build operations Thread 57" [_thread_blocked, id=26348, stack(0x0000001333c00000,0x0000001333d00000)]
  0x00000172f1124800 JavaThread "Unconstrained build operations Thread 58" [_thread_blocked, id=19028, stack(0x0000001333d00000,0x0000001333e00000)]
  0x00000172f1122800 JavaThread "Unconstrained build operations Thread 59" [_thread_blocked, id=14504, stack(0x0000001333e00000,0x0000001333f00000)]
  0x00000172f1125000 JavaThread "Unconstrained build operations Thread 60" [_thread_blocked, id=3128, stack(0x0000001333f00000,0x0000001334000000)]
  0x00000172f1120000 JavaThread "Unconstrained build operations Thread 61" [_thread_blocked, id=23260, stack(0x0000001334000000,0x0000001334100000)]
  0x00000172f1121000 JavaThread "Unconstrained build operations Thread 62" [_thread_blocked, id=17524, stack(0x0000001334100000,0x0000001334200000)]
  0x00000172f1122000 JavaThread "Unconstrained build operations Thread 63" [_thread_blocked, id=7960, stack(0x0000001334200000,0x0000001334300000)]
  0x00000172f1123800 JavaThread "Unconstrained build operations Thread 64" [_thread_blocked, id=25124, stack(0x0000001334300000,0x0000001334400000)]
  0x00000172edc88800 JavaThread "Unconstrained build operations Thread 65" [_thread_blocked, id=19620, stack(0x0000001334400000,0x0000001334500000)]
  0x00000172edc89800 JavaThread "Unconstrained build operations Thread 66" [_thread_blocked, id=23776, stack(0x0000001334500000,0x0000001334600000)]
  0x00000172edc8b000 JavaThread "Unconstrained build operations Thread 67" [_thread_blocked, id=10780, stack(0x0000001334600000,0x0000001334700000)]
  0x00000172edc8a000 JavaThread "Unconstrained build operations Thread 68" [_thread_blocked, id=6368, stack(0x0000001334700000,0x0000001334800000)]
  0x00000172edc87000 JavaThread "Unconstrained build operations Thread 69" [_thread_blocked, id=1860, stack(0x0000001334800000,0x0000001334900000)]
  0x00000172edc85000 JavaThread "Unconstrained build operations Thread 70" [_thread_blocked, id=16624, stack(0x0000001334900000,0x0000001334a00000)]
  0x00000172edc8c000 JavaThread "Unconstrained build operations Thread 71" [_thread_blocked, id=612, stack(0x0000001334a00000,0x0000001334b00000)]
  0x00000172edc86000 JavaThread "Unconstrained build operations Thread 72" [_thread_blocked, id=12504, stack(0x0000001334b00000,0x0000001334c00000)]
  0x00000172edc8d800 JavaThread "Unconstrained build operations Thread 73" [_thread_blocked, id=17824, stack(0x0000001334c00000,0x0000001334d00000)]
  0x00000172edc8c800 JavaThread "Unconstrained build operations Thread 74" [_thread_blocked, id=18424, stack(0x0000001334d00000,0x0000001334e00000)]
  0x00000172edc87800 JavaThread "Unconstrained build operations Thread 75" [_thread_blocked, id=21984, stack(0x0000001334e00000,0x0000001334f00000)]
  0x00000172edc91800 JavaThread "Unconstrained build operations Thread 76" [_thread_blocked, id=18076, stack(0x0000001334f00000,0x0000001335000000)]
  0x00000172edc92800 JavaThread "Unconstrained build operations Thread 77" [_thread_blocked, id=23540, stack(0x0000001335000000,0x0000001335100000)]
  0x00000172edc8f000 JavaThread "Unconstrained build operations Thread 78" [_thread_blocked, id=11092, stack(0x0000001335100000,0x0000001335200000)]
  0x00000172edc90800 JavaThread "Unconstrained build operations Thread 79" [_thread_blocked, id=8392, stack(0x0000001335200000,0x0000001335300000)]
  0x00000172edc93000 JavaThread "Unconstrained build operations Thread 80" [_thread_blocked, id=10116, stack(0x0000001335300000,0x0000001335400000)]
  0x00000172edc94000 JavaThread "jar transforms Thread 4" [_thread_blocked, id=16016, stack(0x0000001335400000,0x0000001335500000)]
  0x00000172edc8e000 JavaThread "jar transforms Thread 5" [_thread_blocked, id=26100, stack(0x0000001335500000,0x0000001335600000)]
  0x00000172edc90000 JavaThread "jar transforms Thread 6" [_thread_blocked, id=23108, stack(0x0000001335600000,0x0000001335700000)]
  0x00000172f02cb000 JavaThread "jar transforms Thread 7" [_thread_blocked, id=23048, stack(0x0000001335700000,0x0000001335800000)]
  0x00000172f02cc000 JavaThread "jar transforms Thread 8" [_thread_blocked, id=18800, stack(0x0000001335800000,0x0000001335900000)]
  0x00000172f02cd000 JavaThread "Memory manager" [_thread_blocked, id=24048, stack(0x0000001335900000,0x0000001335a00000)]

Other Threads:
  0x00000172e994d000 VMThread "VM Thread" [stack: 0x000000132d500000,0x000000132d600000] [id=9408]
  0x00000172ea38d000 WatcherThread [stack: 0x000000132df00000,0x000000132e000000] [id=17692]
  0x00000172cf4b8000 GCTaskThread "GC Thread#0" [stack: 0x000000132d000000,0x000000132d100000] [id=22288]
  0x00000172eadec000 GCTaskThread "GC Thread#1" [stack: 0x000000132e100000,0x000000132e200000] [id=20476]
  0x00000172eadee000 GCTaskThread "GC Thread#2" [stack: 0x000000132e200000,0x000000132e300000] [id=23012]
  0x00000172eadec800 GCTaskThread "GC Thread#3" [stack: 0x000000132e300000,0x000000132e400000] [id=3584]
  0x00000172eadeb000 GCTaskThread "GC Thread#4" [stack: 0x000000132e400000,0x000000132e500000] [id=23548]
  0x00000172eaded800 GCTaskThread "GC Thread#5" [stack: 0x000000132e500000,0x000000132e600000] [id=13896]
  0x00000172eadea800 GCTaskThread "GC Thread#6" [stack: 0x000000132f200000,0x000000132f300000] [id=3588]
  0x00000172eadef000 GCTaskThread "GC Thread#7" [stack: 0x000000132f300000,0x000000132f400000] [id=22828]
  0x00000172cf4e9800 ConcurrentGCThread "G1 Main Marker" [stack: 0x000000132d100000,0x000000132d200000] [id=10100]
  0x00000172cf4ea800 ConcurrentGCThread "G1 Conc#0" [stack: 0x000000132d200000,0x000000132d300000] [id=22420]
  0x00000172eade8800 ConcurrentGCThread "G1 Conc#1" [stack: 0x000000132f400000,0x000000132f500000] [id=26016]
  0x00000172cf57e800 ConcurrentGCThread "G1 Refine#0" [stack: 0x000000132d300000,0x000000132d400000] [id=25512]
  0x00000172e97d2800 ConcurrentGCThread "G1 Young RemSet Sampling" [stack: 0x000000132d400000,0x000000132d500000] [id=16152]

Threads with active compile tasks:
C2 CompilerThread0   6307 6064   !   4       java.util.jar.Attributes::read (390 bytes)
C2 CompilerThread1   6307 6193 %     4       java.math.BigInteger::implMultiplyToLen @ 135 (216 bytes)
C2 CompilerThread2   6307 6188       4       sun.security.provider.SHA::implCompress0 (482 bytes)

VM state:not at safepoint (normal execution)

VM Mutex/Monitor currently owned by a thread: None

Heap address: 0x0000000080000000, size: 2048 MB, Compressed Oops mode: 32-bit
Narrow klass base: 0x0000000000000000, Narrow klass shift: 3
Compressed class space size: 1073741824 Address: 0x0000000100000000

Heap:
 garbage-first heap   total 262144K, used 70117K [0x0000000080000000, 0x0000000100000000)
  region size 1024K, 20 young (20480K), 3 survivors (3072K)
 Metaspace       used 60256K, capacity 61717K, committed 62140K, reserved 1103872K
  class space    used 7644K, capacity 8200K, committed 8344K, reserved 1048576K
Heap Regions: E=young(eden), S=young(survivor), O=old, HS=humongous(starts), HC=humongous(continues), CS=collection set, F=free, A=archive, TAMS=top-at-mark-start (previous, next)
|   0|0x0000000080000000, 0x0000000080100000, 0x0000000080100000|100%| O|  |TAMS 0x0000000080100000, 0x0000000080000000| Untracked 
|   1|0x0000000080100000, 0x0000000080200000, 0x0000000080200000|100%| O|  |TAMS 0x0000000080200000, 0x0000000080100000| Untracked 
|   2|0x0000000080200000, 0x0000000080300000, 0x0000000080300000|100%| O|  |TAMS 0x0000000080300000, 0x0000000080200000| Untracked 
|   3|0x0000000080300000, 0x0000000080400000, 0x0000000080400000|100%|HS|  |TAMS 0x0000000080400000, 0x0000000080300000| Complete 
|   4|0x0000000080400000, 0x0000000080500000, 0x0000000080500000|100%|HC|  |TAMS 0x0000000080500000, 0x0000000080400000| Complete 
|   5|0x0000000080500000, 0x0000000080600000, 0x0000000080600000|100%|HC|  |TAMS 0x0000000080600000, 0x0000000080500000| Complete 
|   6|0x0000000080600000, 0x0000000080700000, 0x0000000080700000|100%| O|  |TAMS 0x0000000080700000, 0x0000000080600000| Untracked 
|   7|0x0000000080700000, 0x0000000080800000, 0x0000000080800000|100%| O|  |TAMS 0x0000000080800000, 0x0000000080700000| Untracked 
|   8|0x0000000080800000, 0x0000000080900000, 0x0000000080900000|100%| O|  |TAMS 0x0000000080900000, 0x0000000080800000| Untracked 
|   9|0x0000000080900000, 0x0000000080a00000, 0x0000000080a00000|100%| O|  |TAMS 0x0000000080a00000, 0x0000000080900000| Untracked 
|  10|0x0000000080a00000, 0x0000000080b00000, 0x0000000080b00000|100%| O|  |TAMS 0x0000000080b00000, 0x0000000080a00000| Untracked 
|  11|0x0000000080b00000, 0x0000000080c00000, 0x0000000080c00000|100%| O|  |TAMS 0x0000000080c00000, 0x0000000080b00000| Untracked 
|  12|0x0000000080c00000, 0x0000000080d00000, 0x0000000080d00000|100%| O|  |TAMS 0x0000000080d00000, 0x0000000080c00000| Untracked 
|  13|0x0000000080d00000, 0x0000000080e00000, 0x0000000080e00000|100%| O|  |TAMS 0x0000000080e00000, 0x0000000080d00000| Untracked 
|  14|0x0000000080e00000, 0x0000000080f00000, 0x0000000080f00000|100%| O|  |TAMS 0x0000000080f00000, 0x0000000080e00000| Untracked 
|  15|0x0000000080f00000, 0x0000000081000000, 0x0000000081000000|100%| O|  |TAMS 0x0000000081000000, 0x0000000080f00000| Untracked 
|  16|0x0000000081000000, 0x0000000081100000, 0x0000000081100000|100%| O|  |TAMS 0x0000000081100000, 0x0000000081000000| Untracked 
|  17|0x0000000081100000, 0x0000000081200000, 0x0000000081200000|100%|HS|  |TAMS 0x0000000081200000, 0x0000000081100000| Complete 
|  18|0x0000000081200000, 0x0000000081300000, 0x0000000081300000|100%|HS|  |TAMS 0x0000000081300000, 0x0000000081200000| Complete 
|  19|0x0000000081300000, 0x0000000081400000, 0x0000000081400000|100%|HS|  |TAMS 0x0000000081400000, 0x0000000081300000| Complete 
|  20|0x0000000081400000, 0x0000000081500000, 0x0000000081500000|100%|HS|  |TAMS 0x0000000081500000, 0x0000000081400000| Complete 
|  21|0x0000000081500000, 0x0000000081600000, 0x0000000081600000|100%|HS|  |TAMS 0x0000000081600000, 0x0000000081500000| Complete 
|  22|0x0000000081600000, 0x0000000081700000, 0x0000000081700000|100%|HC|  |TAMS 0x0000000081700000, 0x0000000081600000| Complete 
|  23|0x0000000081700000, 0x0000000081800000, 0x0000000081800000|100%|HC|  |TAMS 0x0000000081800000, 0x0000000081700000| Complete 
|  24|0x0000000081800000, 0x0000000081900000, 0x0000000081900000|100%|HS|  |TAMS 0x0000000081900000, 0x0000000081800000| Complete 
|  25|0x0000000081900000, 0x0000000081a00000, 0x0000000081a00000|100%|HC|  |TAMS 0x0000000081a00000, 0x0000000081900000| Complete 
|  26|0x0000000081a00000, 0x0000000081b00000, 0x0000000081b00000|100%| O|  |TAMS 0x0000000081b00000, 0x0000000081a00000| Untracked 
|  27|0x0000000081b00000, 0x0000000081c00000, 0x0000000081c00000|100%| O|  |TAMS 0x0000000081c00000, 0x0000000081b00000| Untracked 
|  28|0x0000000081c00000, 0x0000000081d00000, 0x0000000081d00000|100%| O|  |TAMS 0x0000000081d00000, 0x0000000081c00000| Untracked 
|  29|0x0000000081d00000, 0x0000000081e00000, 0x0000000081e00000|100%| O|  |TAMS 0x0000000081e00000, 0x0000000081d00000| Untracked 
|  30|0x0000000081e00000, 0x0000000081f00000, 0x0000000081f00000|100%| O|  |TAMS 0x0000000081f00000, 0x0000000081e00000| Untracked 
|  31|0x0000000081f00000, 0x0000000082000000, 0x0000000082000000|100%| O|  |TAMS 0x0000000082000000, 0x0000000081f00000| Untracked 
|  32|0x0000000082000000, 0x0000000082100000, 0x0000000082100000|100%| O|  |TAMS 0x0000000082100000, 0x0000000082000000| Untracked 
|  33|0x0000000082100000, 0x0000000082200000, 0x0000000082200000|100%| O|  |TAMS 0x0000000082200000, 0x0000000082100000| Untracked 
|  34|0x0000000082200000, 0x0000000082300000, 0x0000000082300000|100%| O|  |TAMS 0x0000000082300000, 0x0000000082200000| Untracked 
|  35|0x0000000082300000, 0x0000000082400000, 0x0000000082400000|100%| O|  |TAMS 0x0000000082400000, 0x0000000082300000| Untracked 
|  36|0x0000000082400000, 0x0000000082500000, 0x0000000082500000|100%| O|  |TAMS 0x0000000082500000, 0x0000000082400000| Untracked 
|  37|0x0000000082500000, 0x0000000082600000, 0x0000000082600000|100%| O|  |TAMS 0x0000000082600000, 0x0000000082500000| Untracked 
|  38|0x0000000082600000, 0x0000000082700000, 0x0000000082700000|100%| O|  |TAMS 0x0000000082700000, 0x0000000082600000| Untracked 
|  39|0x0000000082700000, 0x0000000082800000, 0x0000000082800000|100%| O|  |TAMS 0x0000000082800000, 0x0000000082700000| Untracked 
|  40|0x0000000082800000, 0x0000000082900000, 0x0000000082900000|100%| O|  |TAMS 0x0000000082900000, 0x0000000082800000| Untracked 
|  41|0x0000000082900000, 0x0000000082a00000, 0x0000000082a00000|100%| O|  |TAMS 0x0000000082a00000, 0x0000000082900000| Untracked 
|  42|0x0000000082a00000, 0x0000000082b00000, 0x0000000082b00000|100%| O|  |TAMS 0x0000000082b00000, 0x0000000082a00000| Untracked 
|  43|0x0000000082b00000, 0x0000000082c00000, 0x0000000082c00000|100%| O|  |TAMS 0x0000000082c00000, 0x0000000082b00000| Untracked 
|  44|0x0000000082c00000, 0x0000000082d00000, 0x0000000082d00000|100%| O|  |TAMS 0x0000000082d00000, 0x0000000082c00000| Untracked 
|  45|0x0000000082d00000, 0x0000000082e00000, 0x0000000082e00000|100%| O|  |TAMS 0x0000000082e00000, 0x0000000082d00000| Untracked 
|  46|0x0000000082e00000, 0x0000000082f00000, 0x0000000082f00000|100%| O|  |TAMS 0x0000000082f00000, 0x0000000082e00000| Untracked 
|  47|0x0000000082f00000, 0x0000000083000000, 0x0000000083000000|100%| O|  |TAMS 0x0000000083000000, 0x0000000082f00000| Untracked 
|  48|0x0000000083000000, 0x0000000083100000, 0x0000000083100000|100%| O|  |TAMS 0x0000000083100000, 0x0000000083000000| Untracked 
|  49|0x0000000083100000, 0x0000000083200000, 0x0000000083200000|100%| O|  |TAMS 0x0000000083200000, 0x0000000083100000| Untracked 
|  50|0x0000000083200000, 0x00000000832bd800, 0x0000000083300000| 74%| O|  |TAMS 0x00000000832bd800, 0x0000000083200000| Untracked 
|  51|0x0000000083300000, 0x0000000083300000, 0x0000000083400000|  0%| F|  |TAMS 0x0000000083300000, 0x0000000083300000| Untracked 
|  52|0x0000000083400000, 0x0000000083400000, 0x0000000083500000|  0%| F|  |TAMS 0x0000000083400000, 0x0000000083400000| Untracked 
|  53|0x0000000083500000, 0x0000000083500000, 0x0000000083600000|  0%| F|  |TAMS 0x0000000083500000, 0x0000000083500000| Untracked 
|  54|0x0000000083600000, 0x0000000083600000, 0x0000000083700000|  0%| F|  |TAMS 0x0000000083600000, 0x0000000083600000| Untracked 
|  55|0x0000000083700000, 0x0000000083700000, 0x0000000083800000|  0%| F|  |TAMS 0x0000000083700000, 0x0000000083700000| Untracked 
|  56|0x0000000083800000, 0x0000000083800000, 0x0000000083900000|  0%| F|  |TAMS 0x0000000083800000, 0x0000000083800000| Untracked 
|  57|0x0000000083900000, 0x0000000083900000, 0x0000000083a00000|  0%| F|  |TAMS 0x0000000083900000, 0x0000000083900000| Untracked 
|  58|0x0000000083a00000, 0x0000000083a00000, 0x0000000083b00000|  0%| F|  |TAMS 0x0000000083a00000, 0x0000000083a00000| Untracked 
|  59|0x0000000083b00000, 0x0000000083b00000, 0x0000000083c00000|  0%| F|  |TAMS 0x0000000083b00000, 0x0000000083b00000| Untracked 
|  60|0x0000000083c00000, 0x0000000083c00000, 0x0000000083d00000|  0%| F|  |TAMS 0x0000000083c00000, 0x0000000083c00000| Untracked 
|  61|0x0000000083d00000, 0x0000000083d00000, 0x0000000083e00000|  0%| F|  |TAMS 0x0000000083d00000, 0x0000000083d00000| Untracked 
|  62|0x0000000083e00000, 0x0000000083e00000, 0x0000000083f00000|  0%| F|  |TAMS 0x0000000083e00000, 0x0000000083e00000| Untracked 
|  63|0x0000000083f00000, 0x0000000083f00000, 0x0000000084000000|  0%| F|  |TAMS 0x0000000083f00000, 0x0000000083f00000| Untracked 
|  64|0x0000000084000000, 0x0000000084000000, 0x0000000084100000|  0%| F|  |TAMS 0x0000000084000000, 0x0000000084000000| Untracked 
|  65|0x0000000084100000, 0x0000000084100000, 0x0000000084200000|  0%| F|  |TAMS 0x0000000084100000, 0x0000000084100000| Untracked 
|  66|0x0000000084200000, 0x0000000084200000, 0x0000000084300000|  0%| F|  |TAMS 0x0000000084200000, 0x0000000084200000| Untracked 
|  67|0x0000000084300000, 0x0000000084300000, 0x0000000084400000|  0%| F|  |TAMS 0x0000000084300000, 0x0000000084300000| Untracked 
|  68|0x0000000084400000, 0x0000000084400000, 0x0000000084500000|  0%| F|  |TAMS 0x0000000084400000, 0x0000000084400000| Untracked 
|  69|0x0000000084500000, 0x0000000084500000, 0x0000000084600000|  0%| F|  |TAMS 0x0000000084500000, 0x0000000084500000| Untracked 
|  70|0x0000000084600000, 0x0000000084600000, 0x0000000084700000|  0%| F|  |TAMS 0x0000000084600000, 0x0000000084600000| Untracked 
|  71|0x0000000084700000, 0x0000000084700000, 0x0000000084800000|  0%| F|  |TAMS 0x0000000084700000, 0x0000000084700000| Untracked 
|  72|0x0000000084800000, 0x0000000084800000, 0x0000000084900000|  0%| F|  |TAMS 0x0000000084800000, 0x0000000084800000| Untracked 
|  73|0x0000000084900000, 0x0000000084900000, 0x0000000084a00000|  0%| F|  |TAMS 0x0000000084900000, 0x0000000084900000| Untracked 
|  74|0x0000000084a00000, 0x0000000084a00000, 0x0000000084b00000|  0%| F|  |TAMS 0x0000000084a00000, 0x0000000084a00000| Untracked 
|  75|0x0000000084b00000, 0x0000000084b00000, 0x0000000084c00000|  0%| F|  |TAMS 0x0000000084b00000, 0x0000000084b00000| Untracked 
|  76|0x0000000084c00000, 0x0000000084c00000, 0x0000000084d00000|  0%| F|  |TAMS 0x0000000084c00000, 0x0000000084c00000| Untracked 
|  77|0x0000000084d00000, 0x0000000084d00000, 0x0000000084e00000|  0%| F|  |TAMS 0x0000000084d00000, 0x0000000084d00000| Untracked 
|  78|0x0000000084e00000, 0x0000000084e00000, 0x0000000084f00000|  0%| F|  |TAMS 0x0000000084e00000, 0x0000000084e00000| Untracked 
|  79|0x0000000084f00000, 0x0000000084f00000, 0x0000000085000000|  0%| F|  |TAMS 0x0000000084f00000, 0x0000000084f00000| Untracked 
|  80|0x0000000085000000, 0x0000000085000000, 0x0000000085100000|  0%| F|  |TAMS 0x0000000085000000, 0x0000000085000000| Untracked 
|  81|0x0000000085100000, 0x0000000085100000, 0x0000000085200000|  0%| F|  |TAMS 0x0000000085100000, 0x0000000085100000| Untracked 
|  82|0x0000000085200000, 0x0000000085200000, 0x0000000085300000|  0%| F|  |TAMS 0x0000000085200000, 0x0000000085200000| Untracked 
|  83|0x0000000085300000, 0x0000000085300000, 0x0000000085400000|  0%| F|  |TAMS 0x0000000085300000, 0x0000000085300000| Untracked 
|  84|0x0000000085400000, 0x0000000085400000, 0x0000000085500000|  0%| F|  |TAMS 0x0000000085400000, 0x0000000085400000| Untracked 
|  85|0x0000000085500000, 0x0000000085500000, 0x0000000085600000|  0%| F|  |TAMS 0x0000000085500000, 0x0000000085500000| Untracked 
|  86|0x0000000085600000, 0x0000000085600000, 0x0000000085700000|  0%| F|  |TAMS 0x0000000085600000, 0x0000000085600000| Untracked 
|  87|0x0000000085700000, 0x0000000085700000, 0x0000000085800000|  0%| F|  |TAMS 0x0000000085700000, 0x0000000085700000| Untracked 
|  88|0x0000000085800000, 0x0000000085800000, 0x0000000085900000|  0%| F|  |TAMS 0x0000000085800000, 0x0000000085800000| Untracked 
|  89|0x0000000085900000, 0x0000000085900000, 0x0000000085a00000|  0%| F|  |TAMS 0x0000000085900000, 0x0000000085900000| Untracked 
|  90|0x0000000085a00000, 0x0000000085a00000, 0x0000000085b00000|  0%| F|  |TAMS 0x0000000085a00000, 0x0000000085a00000| Untracked 
|  91|0x0000000085b00000, 0x0000000085b00000, 0x0000000085c00000|  0%| F|  |TAMS 0x0000000085b00000, 0x0000000085b00000| Untracked 
|  92|0x0000000085c00000, 0x0000000085c00000, 0x0000000085d00000|  0%| F|  |TAMS 0x0000000085c00000, 0x0000000085c00000| Untracked 
|  93|0x0000000085d00000, 0x0000000085d00000, 0x0000000085e00000|  0%| F|  |TAMS 0x0000000085d00000, 0x0000000085d00000| Untracked 
|  94|0x0000000085e00000, 0x0000000085e00000, 0x0000000085f00000|  0%| F|  |TAMS 0x0000000085e00000, 0x0000000085e00000| Untracked 
|  95|0x0000000085f00000, 0x0000000085f00000, 0x0000000086000000|  0%| F|  |TAMS 0x0000000085f00000, 0x0000000085f00000| Untracked 
|  96|0x0000000086000000, 0x0000000086000000, 0x0000000086100000|  0%| F|  |TAMS 0x0000000086000000, 0x0000000086000000| Untracked 
|  97|0x0000000086100000, 0x0000000086100000, 0x0000000086200000|  0%| F|  |TAMS 0x0000000086100000, 0x0000000086100000| Untracked 
|  98|0x0000000086200000, 0x0000000086200000, 0x0000000086300000|  0%| F|  |TAMS 0x0000000086200000, 0x0000000086200000| Untracked 
|  99|0x0000000086300000, 0x0000000086300000, 0x0000000086400000|  0%| F|  |TAMS 0x0000000086300000, 0x0000000086300000| Untracked 
| 100|0x0000000086400000, 0x0000000086400000, 0x0000000086500000|  0%| F|  |TAMS 0x0000000086400000, 0x0000000086400000| Untracked 
| 101|0x0000000086500000, 0x0000000086500000, 0x0000000086600000|  0%| F|  |TAMS 0x0000000086500000, 0x0000000086500000| Untracked 
| 102|0x0000000086600000, 0x0000000086600000, 0x0000000086700000|  0%| F|  |TAMS 0x0000000086600000, 0x0000000086600000| Untracked 
| 103|0x0000000086700000, 0x0000000086700000, 0x0000000086800000|  0%| F|  |TAMS 0x0000000086700000, 0x0000000086700000| Untracked 
| 104|0x0000000086800000, 0x0000000086800000, 0x0000000086900000|  0%| F|  |TAMS 0x0000000086800000, 0x0000000086800000| Untracked 
| 105|0x0000000086900000, 0x0000000086900000, 0x0000000086a00000|  0%| F|  |TAMS 0x0000000086900000, 0x0000000086900000| Untracked 
| 106|0x0000000086a00000, 0x0000000086a00000, 0x0000000086b00000|  0%| F|  |TAMS 0x0000000086a00000, 0x0000000086a00000| Untracked 
| 107|0x0000000086b00000, 0x0000000086b00000, 0x0000000086c00000|  0%| F|  |TAMS 0x0000000086b00000, 0x0000000086b00000| Untracked 
| 108|0x0000000086c00000, 0x0000000086c00000, 0x0000000086d00000|  0%| F|  |TAMS 0x0000000086c00000, 0x0000000086c00000| Untracked 
| 109|0x0000000086d00000, 0x0000000086d00000, 0x0000000086e00000|  0%| F|  |TAMS 0x0000000086d00000, 0x0000000086d00000| Untracked 
| 110|0x0000000086e00000, 0x0000000086e00000, 0x0000000086f00000|  0%| F|  |TAMS 0x0000000086e00000, 0x0000000086e00000| Untracked 
| 111|0x0000000086f00000, 0x0000000086f00000, 0x0000000087000000|  0%| F|  |TAMS 0x0000000086f00000, 0x0000000086f00000| Untracked 
| 112|0x0000000087000000, 0x0000000087000000, 0x0000000087100000|  0%| F|  |TAMS 0x0000000087000000, 0x0000000087000000| Untracked 
| 113|0x0000000087100000, 0x0000000087100000, 0x0000000087200000|  0%| F|  |TAMS 0x0000000087100000, 0x0000000087100000| Untracked 
| 114|0x0000000087200000, 0x0000000087200000, 0x0000000087300000|  0%| F|  |TAMS 0x0000000087200000, 0x0000000087200000| Untracked 
| 115|0x0000000087300000, 0x0000000087300000, 0x0000000087400000|  0%| F|  |TAMS 0x0000000087300000, 0x0000000087300000| Untracked 
| 116|0x0000000087400000, 0x0000000087400000, 0x0000000087500000|  0%| F|  |TAMS 0x0000000087400000, 0x0000000087400000| Untracked 
| 117|0x0000000087500000, 0x0000000087500000, 0x0000000087600000|  0%| F|  |TAMS 0x0000000087500000, 0x0000000087500000| Untracked 
| 118|0x0000000087600000, 0x0000000087600000, 0x0000000087700000|  0%| F|  |TAMS 0x0000000087600000, 0x0000000087600000| Untracked 
| 119|0x0000000087700000, 0x0000000087700000, 0x0000000087800000|  0%| F|  |TAMS 0x0000000087700000, 0x0000000087700000| Untracked 
| 120|0x0000000087800000, 0x0000000087800000, 0x0000000087900000|  0%| F|  |TAMS 0x0000000087800000, 0x0000000087800000| Untracked 
| 121|0x0000000087900000, 0x0000000087900000, 0x0000000087a00000|  0%| F|  |TAMS 0x0000000087900000, 0x0000000087900000| Untracked 
| 122|0x0000000087a00000, 0x0000000087a00000, 0x0000000087b00000|  0%| F|  |TAMS 0x0000000087a00000, 0x0000000087a00000| Untracked 
| 123|0x0000000087b00000, 0x0000000087b00000, 0x0000000087c00000|  0%| F|  |TAMS 0x0000000087b00000, 0x0000000087b00000| Untracked 
| 124|0x0000000087c00000, 0x0000000087c00000, 0x0000000087d00000|  0%| F|  |TAMS 0x0000000087c00000, 0x0000000087c00000| Untracked 
| 125|0x0000000087d00000, 0x0000000087d00000, 0x0000000087e00000|  0%| F|  |TAMS 0x0000000087d00000, 0x0000000087d00000| Untracked 
| 126|0x0000000087e00000, 0x0000000087e00000, 0x0000000087f00000|  0%| F|  |TAMS 0x0000000087e00000, 0x0000000087e00000| Untracked 
| 127|0x0000000087f00000, 0x0000000087f00000, 0x0000000088000000|  0%| F|  |TAMS 0x0000000087f00000, 0x0000000087f00000| Untracked 
| 128|0x0000000088000000, 0x0000000088000000, 0x0000000088100000|  0%| F|  |TAMS 0x0000000088000000, 0x0000000088000000| Untracked 
| 129|0x0000000088100000, 0x0000000088100000, 0x0000000088200000|  0%| F|  |TAMS 0x0000000088100000, 0x0000000088100000| Untracked 
| 130|0x0000000088200000, 0x0000000088200000, 0x0000000088300000|  0%| F|  |TAMS 0x0000000088200000, 0x0000000088200000| Untracked 
| 131|0x0000000088300000, 0x0000000088300000, 0x0000000088400000|  0%| F|  |TAMS 0x0000000088300000, 0x0000000088300000| Untracked 
| 132|0x0000000088400000, 0x0000000088400000, 0x0000000088500000|  0%| F|  |TAMS 0x0000000088400000, 0x0000000088400000| Untracked 
| 133|0x0000000088500000, 0x0000000088500000, 0x0000000088600000|  0%| F|  |TAMS 0x0000000088500000, 0x0000000088500000| Untracked 
| 134|0x0000000088600000, 0x0000000088600000, 0x0000000088700000|  0%| F|  |TAMS 0x0000000088600000, 0x0000000088600000| Untracked 
| 135|0x0000000088700000, 0x0000000088700000, 0x0000000088800000|  0%| F|  |TAMS 0x0000000088700000, 0x0000000088700000| Untracked 
| 136|0x0000000088800000, 0x0000000088800000, 0x0000000088900000|  0%| F|  |TAMS 0x0000000088800000, 0x0000000088800000| Untracked 
| 137|0x0000000088900000, 0x0000000088900000, 0x0000000088a00000|  0%| F|  |TAMS 0x0000000088900000, 0x0000000088900000| Untracked 
| 138|0x0000000088a00000, 0x0000000088a00000, 0x0000000088b00000|  0%| F|  |TAMS 0x0000000088a00000, 0x0000000088a00000| Untracked 
| 139|0x0000000088b00000, 0x0000000088b00000, 0x0000000088c00000|  0%| F|  |TAMS 0x0000000088b00000, 0x0000000088b00000| Untracked 
| 140|0x0000000088c00000, 0x0000000088c00000, 0x0000000088d00000|  0%| F|  |TAMS 0x0000000088c00000, 0x0000000088c00000| Untracked 
| 141|0x0000000088d00000, 0x0000000088d00000, 0x0000000088e00000|  0%| F|  |TAMS 0x0000000088d00000, 0x0000000088d00000| Untracked 
| 142|0x0000000088e00000, 0x0000000088e00000, 0x0000000088f00000|  0%| F|  |TAMS 0x0000000088e00000, 0x0000000088e00000| Untracked 
| 143|0x0000000088f00000, 0x0000000088f00000, 0x0000000089000000|  0%| F|  |TAMS 0x0000000088f00000, 0x0000000088f00000| Untracked 
| 144|0x0000000089000000, 0x0000000089000000, 0x0000000089100000|  0%| F|  |TAMS 0x0000000089000000, 0x0000000089000000| Untracked 
| 145|0x0000000089100000, 0x0000000089100000, 0x0000000089200000|  0%| F|  |TAMS 0x0000000089100000, 0x0000000089100000| Untracked 
| 146|0x0000000089200000, 0x0000000089200000, 0x0000000089300000|  0%| F|  |TAMS 0x0000000089200000, 0x0000000089200000| Untracked 
| 147|0x0000000089300000, 0x0000000089300000, 0x0000000089400000|  0%| F|  |TAMS 0x0000000089300000, 0x0000000089300000| Untracked 
| 148|0x0000000089400000, 0x0000000089400000, 0x0000000089500000|  0%| F|  |TAMS 0x0000000089400000, 0x0000000089400000| Untracked 
| 149|0x0000000089500000, 0x0000000089500000, 0x0000000089600000|  0%| F|  |TAMS 0x0000000089500000, 0x0000000089500000| Untracked 
| 150|0x0000000089600000, 0x0000000089600000, 0x0000000089700000|  0%| F|  |TAMS 0x0000000089600000, 0x0000000089600000| Untracked 
| 151|0x0000000089700000, 0x0000000089700000, 0x0000000089800000|  0%| F|  |TAMS 0x0000000089700000, 0x0000000089700000| Untracked 
| 152|0x0000000089800000, 0x0000000089800000, 0x0000000089900000|  0%| F|  |TAMS 0x0000000089800000, 0x0000000089800000| Untracked 
| 153|0x0000000089900000, 0x0000000089900000, 0x0000000089a00000|  0%| F|  |TAMS 0x0000000089900000, 0x0000000089900000| Untracked 
| 154|0x0000000089a00000, 0x0000000089a00000, 0x0000000089b00000|  0%| F|  |TAMS 0x0000000089a00000, 0x0000000089a00000| Untracked 
| 155|0x0000000089b00000, 0x0000000089b00000, 0x0000000089c00000|  0%| F|  |TAMS 0x0000000089b00000, 0x0000000089b00000| Untracked 
| 156|0x0000000089c00000, 0x0000000089c00000, 0x0000000089d00000|  0%| F|  |TAMS 0x0000000089c00000, 0x0000000089c00000| Untracked 
| 157|0x0000000089d00000, 0x0000000089d00000, 0x0000000089e00000|  0%| F|  |TAMS 0x0000000089d00000, 0x0000000089d00000| Untracked 
| 158|0x0000000089e00000, 0x0000000089e00000, 0x0000000089f00000|  0%| F|  |TAMS 0x0000000089e00000, 0x0000000089e00000| Untracked 
| 159|0x0000000089f00000, 0x0000000089f00000, 0x000000008a000000|  0%| F|  |TAMS 0x0000000089f00000, 0x0000000089f00000| Untracked 
| 160|0x000000008a000000, 0x000000008a000000, 0x000000008a100000|  0%| F|  |TAMS 0x000000008a000000, 0x000000008a000000| Untracked 
| 161|0x000000008a100000, 0x000000008a100000, 0x000000008a200000|  0%| F|  |TAMS 0x000000008a100000, 0x000000008a100000| Untracked 
| 162|0x000000008a200000, 0x000000008a200000, 0x000000008a300000|  0%| F|  |TAMS 0x000000008a200000, 0x000000008a200000| Untracked 
| 163|0x000000008a300000, 0x000000008a300000, 0x000000008a400000|  0%| F|  |TAMS 0x000000008a300000, 0x000000008a300000| Untracked 
| 164|0x000000008a400000, 0x000000008a400000, 0x000000008a500000|  0%| F|  |TAMS 0x000000008a400000, 0x000000008a400000| Untracked 
| 165|0x000000008a500000, 0x000000008a500000, 0x000000008a600000|  0%| F|  |TAMS 0x000000008a500000, 0x000000008a500000| Untracked 
| 166|0x000000008a600000, 0x000000008a600000, 0x000000008a700000|  0%| F|  |TAMS 0x000000008a600000, 0x000000008a600000| Untracked 
| 167|0x000000008a700000, 0x000000008a700000, 0x000000008a800000|  0%| F|  |TAMS 0x000000008a700000, 0x000000008a700000| Untracked 
| 168|0x000000008a800000, 0x000000008a800000, 0x000000008a900000|  0%| F|  |TAMS 0x000000008a800000, 0x000000008a800000| Untracked 
| 169|0x000000008a900000, 0x000000008a900000, 0x000000008aa00000|  0%| F|  |TAMS 0x000000008a900000, 0x000000008a900000| Untracked 
| 170|0x000000008aa00000, 0x000000008aa00000, 0x000000008ab00000|  0%| F|  |TAMS 0x000000008aa00000, 0x000000008aa00000| Untracked 
| 171|0x000000008ab00000, 0x000000008ab00000, 0x000000008ac00000|  0%| F|  |TAMS 0x000000008ab00000, 0x000000008ab00000| Untracked 
| 172|0x000000008ac00000, 0x000000008ac00000, 0x000000008ad00000|  0%| F|  |TAMS 0x000000008ac00000, 0x000000008ac00000| Untracked 
| 173|0x000000008ad00000, 0x000000008ad00000, 0x000000008ae00000|  0%| F|  |TAMS 0x000000008ad00000, 0x000000008ad00000| Untracked 
| 174|0x000000008ae00000, 0x000000008ae00000, 0x000000008af00000|  0%| F|  |TAMS 0x000000008ae00000, 0x000000008ae00000| Untracked 
| 175|0x000000008af00000, 0x000000008af00000, 0x000000008b000000|  0%| F|  |TAMS 0x000000008af00000, 0x000000008af00000| Untracked 
| 176|0x000000008b000000, 0x000000008b000000, 0x000000008b100000|  0%| F|  |TAMS 0x000000008b000000, 0x000000008b000000| Untracked 
| 177|0x000000008b100000, 0x000000008b100000, 0x000000008b200000|  0%| F|  |TAMS 0x000000008b100000, 0x000000008b100000| Untracked 
| 178|0x000000008b200000, 0x000000008b200000, 0x000000008b300000|  0%| F|  |TAMS 0x000000008b200000, 0x000000008b200000| Untracked 
| 179|0x000000008b300000, 0x000000008b300000, 0x000000008b400000|  0%| F|  |TAMS 0x000000008b300000, 0x000000008b300000| Untracked 
| 180|0x000000008b400000, 0x000000008b400000, 0x000000008b500000|  0%| F|  |TAMS 0x000000008b400000, 0x000000008b400000| Untracked 
| 181|0x000000008b500000, 0x000000008b500000, 0x000000008b600000|  0%| F|  |TAMS 0x000000008b500000, 0x000000008b500000| Untracked 
| 182|0x000000008b600000, 0x000000008b600000, 0x000000008b700000|  0%| F|  |TAMS 0x000000008b600000, 0x000000008b600000| Untracked 
| 183|0x000000008b700000, 0x000000008b700000, 0x000000008b800000|  0%| F|  |TAMS 0x000000008b700000, 0x000000008b700000| Untracked 
| 184|0x000000008b800000, 0x000000008b800000, 0x000000008b900000|  0%| F|  |TAMS 0x000000008b800000, 0x000000008b800000| Untracked 
| 185|0x000000008b900000, 0x000000008b900000, 0x000000008ba00000|  0%| F|  |TAMS 0x000000008b900000, 0x000000008b900000| Untracked 
| 186|0x000000008ba00000, 0x000000008ba00000, 0x000000008bb00000|  0%| F|  |TAMS 0x000000008ba00000, 0x000000008ba00000| Untracked 
| 187|0x000000008bb00000, 0x000000008bb00000, 0x000000008bc00000|  0%| F|  |TAMS 0x000000008bb00000, 0x000000008bb00000| Untracked 
| 188|0x000000008bc00000, 0x000000008bc00000, 0x000000008bd00000|  0%| F|  |TAMS 0x000000008bc00000, 0x000000008bc00000| Untracked 
| 189|0x000000008bd00000, 0x000000008bd00000, 0x000000008be00000|  0%| F|  |TAMS 0x000000008bd00000, 0x000000008bd00000| Untracked 
| 190|0x000000008be00000, 0x000000008be00000, 0x000000008bf00000|  0%| F|  |TAMS 0x000000008be00000, 0x000000008be00000| Untracked 
| 191|0x000000008bf00000, 0x000000008bf00000, 0x000000008c000000|  0%| F|  |TAMS 0x000000008bf00000, 0x000000008bf00000| Untracked 
| 192|0x000000008c000000, 0x000000008c000000, 0x000000008c100000|  0%| F|  |TAMS 0x000000008c000000, 0x000000008c000000| Untracked 
| 193|0x000000008c100000, 0x000000008c100000, 0x000000008c200000|  0%| F|  |TAMS 0x000000008c100000, 0x000000008c100000| Untracked 
| 194|0x000000008c200000, 0x000000008c200000, 0x000000008c300000|  0%| F|  |TAMS 0x000000008c200000, 0x000000008c200000| Untracked 
| 195|0x000000008c300000, 0x000000008c300000, 0x000000008c400000|  0%| F|  |TAMS 0x000000008c300000, 0x000000008c300000| Untracked 
| 196|0x000000008c400000, 0x000000008c400000, 0x000000008c500000|  0%| F|  |TAMS 0x000000008c400000, 0x000000008c400000| Untracked 
| 197|0x000000008c500000, 0x000000008c500000, 0x000000008c600000|  0%| F|  |TAMS 0x000000008c500000, 0x000000008c500000| Untracked 
| 198|0x000000008c600000, 0x000000008c600000, 0x000000008c700000|  0%| F|  |TAMS 0x000000008c600000, 0x000000008c600000| Untracked 
| 199|0x000000008c700000, 0x000000008c700000, 0x000000008c800000|  0%| F|  |TAMS 0x000000008c700000, 0x000000008c700000| Untracked 
| 200|0x000000008c800000, 0x000000008c800000, 0x000000008c900000|  0%| F|  |TAMS 0x000000008c800000, 0x000000008c800000| Untracked 
| 201|0x000000008c900000, 0x000000008c900000, 0x000000008ca00000|  0%| F|  |TAMS 0x000000008c900000, 0x000000008c900000| Untracked 
| 202|0x000000008ca00000, 0x000000008ca00000, 0x000000008cb00000|  0%| F|  |TAMS 0x000000008ca00000, 0x000000008ca00000| Untracked 
| 203|0x000000008cb00000, 0x000000008cb00000, 0x000000008cc00000|  0%| F|  |TAMS 0x000000008cb00000, 0x000000008cb00000| Untracked 
| 204|0x000000008cc00000, 0x000000008cc00000, 0x000000008cd00000|  0%| F|  |TAMS 0x000000008cc00000, 0x000000008cc00000| Untracked 
| 205|0x000000008cd00000, 0x000000008cd00000, 0x000000008ce00000|  0%| F|  |TAMS 0x000000008cd00000, 0x000000008cd00000| Untracked 
| 206|0x000000008ce00000, 0x000000008ce00000, 0x000000008cf00000|  0%| F|  |TAMS 0x000000008ce00000, 0x000000008ce00000| Untracked 
| 207|0x000000008cf00000, 0x000000008cf00000, 0x000000008d000000|  0%| F|  |TAMS 0x000000008cf00000, 0x000000008cf00000| Untracked 
| 208|0x000000008d000000, 0x000000008d000000, 0x000000008d100000|  0%| F|  |TAMS 0x000000008d000000, 0x000000008d000000| Untracked 
| 209|0x000000008d100000, 0x000000008d100000, 0x000000008d200000|  0%| F|  |TAMS 0x000000008d100000, 0x000000008d100000| Untracked 
| 210|0x000000008d200000, 0x000000008d200000, 0x000000008d300000|  0%| F|  |TAMS 0x000000008d200000, 0x000000008d200000| Untracked 
| 211|0x000000008d300000, 0x000000008d300000, 0x000000008d400000|  0%| F|  |TAMS 0x000000008d300000, 0x000000008d300000| Untracked 
| 212|0x000000008d400000, 0x000000008d400000, 0x000000008d500000|  0%| F|  |TAMS 0x000000008d400000, 0x000000008d400000| Untracked 
| 213|0x000000008d500000, 0x000000008d500000, 0x000000008d600000|  0%| F|  |TAMS 0x000000008d500000, 0x000000008d500000| Untracked 
| 214|0x000000008d600000, 0x000000008d600000, 0x000000008d700000|  0%| F|  |TAMS 0x000000008d600000, 0x000000008d600000| Untracked 
| 215|0x000000008d700000, 0x000000008d700000, 0x000000008d800000|  0%| F|  |TAMS 0x000000008d700000, 0x000000008d700000| Untracked 
| 216|0x000000008d800000, 0x000000008d800000, 0x000000008d900000|  0%| F|  |TAMS 0x000000008d800000, 0x000000008d800000| Untracked 
| 217|0x000000008d900000, 0x000000008d900000, 0x000000008da00000|  0%| F|  |TAMS 0x000000008d900000, 0x000000008d900000| Untracked 
| 218|0x000000008da00000, 0x000000008da00000, 0x000000008db00000|  0%| F|  |TAMS 0x000000008da00000, 0x000000008da00000| Untracked 
| 219|0x000000008db00000, 0x000000008db00000, 0x000000008dc00000|  0%| F|  |TAMS 0x000000008db00000, 0x000000008db00000| Untracked 
| 220|0x000000008dc00000, 0x000000008dc00000, 0x000000008dd00000|  0%| F|  |TAMS 0x000000008dc00000, 0x000000008dc00000| Untracked 
| 221|0x000000008dd00000, 0x000000008dd00000, 0x000000008de00000|  0%| F|  |TAMS 0x000000008dd00000, 0x000000008dd00000| Untracked 
| 222|0x000000008de00000, 0x000000008de00000, 0x000000008df00000|  0%| F|  |TAMS 0x000000008de00000, 0x000000008de00000| Untracked 
| 223|0x000000008df00000, 0x000000008df00000, 0x000000008e000000|  0%| F|  |TAMS 0x000000008df00000, 0x000000008df00000| Untracked 
| 224|0x000000008e000000, 0x000000008e000000, 0x000000008e100000|  0%| F|  |TAMS 0x000000008e000000, 0x000000008e000000| Untracked 
| 225|0x000000008e100000, 0x000000008e100000, 0x000000008e200000|  0%| F|  |TAMS 0x000000008e100000, 0x000000008e100000| Untracked 
| 226|0x000000008e200000, 0x000000008e200000, 0x000000008e300000|  0%| F|  |TAMS 0x000000008e200000, 0x000000008e200000| Untracked 
| 227|0x000000008e300000, 0x000000008e300000, 0x000000008e400000|  0%| F|  |TAMS 0x000000008e300000, 0x000000008e300000| Untracked 
| 228|0x000000008e400000, 0x000000008e400000, 0x000000008e500000|  0%| F|  |TAMS 0x000000008e400000, 0x000000008e400000| Untracked 
| 229|0x000000008e500000, 0x000000008e500000, 0x000000008e600000|  0%| F|  |TAMS 0x000000008e500000, 0x000000008e500000| Untracked 
| 230|0x000000008e600000, 0x000000008e600000, 0x000000008e700000|  0%| F|  |TAMS 0x000000008e600000, 0x000000008e600000| Untracked 
| 231|0x000000008e700000, 0x000000008e700000, 0x000000008e800000|  0%| F|  |TAMS 0x000000008e700000, 0x000000008e700000| Untracked 
| 232|0x000000008e800000, 0x000000008e800000, 0x000000008e900000|  0%| F|  |TAMS 0x000000008e800000, 0x000000008e800000| Untracked 
| 233|0x000000008e900000, 0x000000008e900000, 0x000000008ea00000|  0%| F|  |TAMS 0x000000008e900000, 0x000000008e900000| Untracked 
| 234|0x000000008ea00000, 0x000000008ea00000, 0x000000008eb00000|  0%| F|  |TAMS 0x000000008ea00000, 0x000000008ea00000| Untracked 
| 235|0x000000008eb00000, 0x000000008eb00000, 0x000000008ec00000|  0%| F|  |TAMS 0x000000008eb00000, 0x000000008eb00000| Untracked 
| 236|0x000000008ec00000, 0x000000008ed00000, 0x000000008ed00000|100%| E|  |TAMS 0x000000008ec00000, 0x000000008ec00000| Complete 
| 237|0x000000008ed00000, 0x000000008ee00000, 0x000000008ee00000|100%| E|CS|TAMS 0x000000008ed00000, 0x000000008ed00000| Complete 
| 238|0x000000008ee00000, 0x000000008ef00000, 0x000000008ef00000|100%| E|CS|TAMS 0x000000008ee00000, 0x000000008ee00000| Complete 
| 239|0x000000008ef00000, 0x000000008f000000, 0x000000008f000000|100%| E|CS|TAMS 0x000000008ef00000, 0x000000008ef00000| Complete 
| 240|0x000000008f000000, 0x000000008f100000, 0x000000008f100000|100%| E|  |TAMS 0x000000008f000000, 0x000000008f000000| Complete 
| 241|0x000000008f100000, 0x000000008f1bbd80, 0x000000008f200000| 73%| S|CS|TAMS 0x000000008f100000, 0x000000008f100000| Complete 
| 242|0x000000008f200000, 0x000000008f300000, 0x000000008f300000|100%| S|CS|TAMS 0x000000008f200000, 0x000000008f200000| Complete 
| 243|0x000000008f300000, 0x000000008f400000, 0x000000008f400000|100%| S|CS|TAMS 0x000000008f300000, 0x000000008f300000| Complete 
| 244|0x000000008f400000, 0x000000008f500000, 0x000000008f500000|100%| E|CS|TAMS 0x000000008f400000, 0x000000008f400000| Complete 
| 245|0x000000008f500000, 0x000000008f600000, 0x000000008f600000|100%| E|CS|TAMS 0x000000008f500000, 0x000000008f500000| Complete 
| 246|0x000000008f600000, 0x000000008f700000, 0x000000008f700000|100%| E|CS|TAMS 0x000000008f600000, 0x000000008f600000| Complete 
| 247|0x000000008f700000, 0x000000008f800000, 0x000000008f800000|100%| E|CS|TAMS 0x000000008f700000, 0x000000008f700000| Complete 
| 248|0x000000008f800000, 0x000000008f900000, 0x000000008f900000|100%| E|CS|TAMS 0x000000008f800000, 0x000000008f800000| Complete 
| 249|0x000000008f900000, 0x000000008fa00000, 0x000000008fa00000|100%| E|CS|TAMS 0x000000008f900000, 0x000000008f900000| Complete 
| 250|0x000000008fa00000, 0x000000008fb00000, 0x000000008fb00000|100%| E|CS|TAMS 0x000000008fa00000, 0x000000008fa00000| Complete 
| 251|0x000000008fb00000, 0x000000008fc00000, 0x000000008fc00000|100%| E|CS|TAMS 0x000000008fb00000, 0x000000008fb00000| Complete 
| 252|0x000000008fc00000, 0x000000008fd00000, 0x000000008fd00000|100%| E|CS|TAMS 0x000000008fc00000, 0x000000008fc00000| Complete 
| 253|0x000000008fd00000, 0x000000008fe00000, 0x000000008fe00000|100%| E|CS|TAMS 0x000000008fd00000, 0x000000008fd00000| Complete 
| 254|0x000000008fe00000, 0x000000008ff00000, 0x000000008ff00000|100%| E|CS|TAMS 0x000000008fe00000, 0x000000008fe00000| Complete 
| 255|0x000000008ff00000, 0x0000000090000000, 0x0000000090000000|100%| E|CS|TAMS 0x000000008ff00000, 0x000000008ff00000| Complete 

Card table byte_map: [0x00000172e26d0000,0x00000172e2ad0000] _byte_map_base: 0x00000172e22d0000

Marking Bits (Prev, Next): (CMBitMap*) 0x00000172cf4e0890, (CMBitMap*) 0x00000172cf4e0858
 Prev Bits: [0x00000172e4ed0000, 0x00000172e6ed0000)
 Next Bits: [0x00000172e2ed0000, 0x00000172e4ed0000)

Polling page: 0x00000172cec80000

Metaspace:

Usage:
  Non-class:     52.26 MB capacity,    51.38 MB ( 98%) used,   742.65 KB (  1%) free+waste,   158.63 KB ( <1%) overhead. 
      Class:      8.01 MB capacity,     7.47 MB ( 93%) used,   475.98 KB (  6%) free+waste,    75.00 KB ( <1%) overhead. 
       Both:     60.27 MB capacity,    58.85 MB ( 98%) used,     1.19 MB (  2%) free+waste,   233.63 KB ( <1%) overhead. 

Virtual space:
  Non-class space:       54.00 MB reserved,      52.54 MB ( 97%) committed 
      Class space:        1.00 GB reserved,       8.15 MB ( <1%) committed 
             Both:        1.05 GB reserved,      60.68 MB (  6%) committed 

Chunk freelists:
   Non-Class:  87.00 KB
       Class:  24.00 KB
        Both:  111.00 KB

MaxMetaspaceSize: 17179869184.00 GB
CompressedClassSpaceSize: 1.00 GB

CodeHeap 'non-profiled nmethods': size=120000Kb used=3624Kb max_used=3624Kb free=116375Kb
 bounds [0x00000172daa70000, 0x00000172dae00000, 0x00000172e1fa0000]
CodeHeap 'profiled nmethods': size=120000Kb used=12804Kb max_used=12804Kb free=107195Kb
 bounds [0x00000172d3540000, 0x00000172d41d0000, 0x00000172daa70000]
CodeHeap 'non-nmethods': size=5760Kb used=2253Kb max_used=2301Kb free=3506Kb
 bounds [0x00000172d2fa0000, 0x00000172d3210000, 0x00000172d3540000]
 total_blobs=7024 nmethods=6184 adapters=751
 compilation: enabled
              stopped_count=0, restarted_count=0
 full_count=0

Compilation events (20 events):
Event: 6.258 Thread 0x00000172ea210800 6138       3       sun.security.provider.SHA::implCompress (13 bytes)
Event: 6.258 Thread 0x00000172ea210800 nmethod 6138 0x00000172d41a3a90 code [0x00000172d41a3c80, 0x00000172d41a3fa8]
Event: 6.258 Thread 0x00000172ea210800 6137       3       java.security.Provider$ServiceKey::hashCode (22 bytes)
Event: 6.258 Thread 0x00000172ea210800 nmethod 6137 0x00000172d41a4110 code [0x00000172d41a4300, 0x00000172d41a4808]
Event: 6.259 Thread 0x00000172ea210800 6141       3       java.math.BigInteger::bitLengthForInt (8 bytes)
Event: 6.259 Thread 0x00000172ea210800 nmethod 6141 0x00000172d41a4990 code [0x00000172d41a4b40, 0x00000172d41a4c48]
Event: 6.259 Thread 0x00000172ea210800 6142       3       java.math.MutableBigInteger::mulsub (110 bytes)
Event: 6.259 Thread 0x00000172ea210800 nmethod 6142 0x00000172d41a4d10 code [0x00000172d41a4ee0, 0x00000172d41a51b8]
Event: 6.260 Thread 0x00000172edd14800 6143       4       java.math.BigInteger::mulAdd (19 bytes)
Event: 6.261 Thread 0x00000172ea210800 6146       3       java.math.BigInteger::montReduce (99 bytes)
Event: 6.261 Thread 0x00000172edd14800 nmethod 6143 0x00000172dadf1190 code [0x00000172dadf1320, 0x00000172dadf1478]
Event: 6.261 Thread 0x00000172edd14800 6144       4       java.math.BigInteger::implMulAddCheck (173 bytes)
Event: 6.261 Thread 0x00000172ea210800 nmethod 6146 0x00000172d41a5390 code [0x00000172d41a55c0, 0x00000172d41a5b58]
Event: 6.261 Thread 0x00000172ea210800 6147       3       java.math.BigInteger::primitiveLeftShift (79 bytes)
Event: 6.261 Thread 0x00000172ea210800 nmethod 6147 0x00000172d41a5e10 code [0x00000172d41a5fe0, 0x00000172d41a62b8]
Event: 6.261 Thread 0x00000172ea210800 6148       3       java.math.BigInteger::implSquareToLen (154 bytes)
Event: 6.262 Thread 0x00000172ea210800 nmethod 6148 0x00000172d41a6410 code [0x00000172d41a6640, 0x00000172d41a6bb8]
Event: 6.262 Thread 0x00000172edd14800 nmethod 6144 0x00000172dadf1610 code [0x00000172dadf17a0, 0x00000172dadf1898]
Event: 6.262 Thread 0x00000172edd14800 6145       4       java.math.BigInteger::addOne (77 bytes)
Event: 6.263 Thread 0x00000172ea210800 6149       3       java.math.BigInteger::intArrayCmpToLen (55 bytes)

GC Heap History (14 events):
Event: 0.618 GC heap before
{Heap before GC invocations=0 (full 0):
 garbage-first heap   total 262144K, used 29696K [0x0000000080000000, 0x0000000100000000)
  region size 1024K, 24 young (24576K), 0 survivors (0K)
 Metaspace       used 10196K, capacity 10435K, committed 10624K, reserved 1058816K
  class space    used 1068K, capacity 1138K, committed 1152K, reserved 1048576K
}
Event: 0.621 GC heap after
{Heap after GC invocations=1 (full 0):
 garbage-first heap   total 262144K, used 10014K [0x0000000080000000, 0x0000000100000000)
  region size 1024K, 3 young (3072K), 3 survivors (3072K)
 Metaspace       used 10196K, capacity 10435K, committed 10624K, reserved 1058816K
  class space    used 1068K, capacity 1138K, committed 1152K, reserved 1048576K
}
Event: 2.109 GC heap before
{Heap before GC invocations=1 (full 0):
 garbage-first heap   total 262144K, used 108318K [0x0000000080000000, 0x0000000100000000)
  region size 1024K, 100 young (102400K), 3 survivors (3072K)
 Metaspace       used 20661K, capacity 21116K, committed 21296K, reserved 1069056K
  class space    used 2532K, capacity 2660K, committed 2688K, reserved 1048576K
}
Event: 2.116 GC heap after
{Heap after GC invocations=2 (full 0):
 garbage-first heap   total 262144K, used 17341K [0x0000000080000000, 0x0000000100000000)
  region size 1024K, 11 young (11264K), 11 survivors (11264K)
 Metaspace       used 20661K, capacity 21116K, committed 21296K, reserved 1069056K
  class space    used 2532K, capacity 2660K, committed 2688K, reserved 1048576K
}
Event: 2.610 GC heap before
{Heap before GC invocations=3 (full 0):
 garbage-first heap   total 262144K, used 81853K [0x0000000080000000, 0x0000000100000000)
  region size 1024K, 74 young (75776K), 11 survivors (11264K)
 Metaspace       used 26829K, capacity 27450K, committed 27568K, reserved 1073152K
  class space    used 3534K, capacity 3738K, committed 3840K, reserved 1048576K
}
Event: 2.615 GC heap after
{Heap after GC invocations=4 (full 0):
 garbage-first heap   total 262144K, used 19468K [0x0000000080000000, 0x0000000100000000)
  region size 1024K, 3 young (3072K), 3 survivors (3072K)
 Metaspace       used 26829K, capacity 27450K, committed 27568K, reserved 1073152K
  class space    used 3534K, capacity 3738K, committed 3840K, reserved 1048576K
}
Event: 3.132 GC heap before
{Heap before GC invocations=4 (full 0):
 garbage-first heap   total 262144K, used 64524K [0x0000000080000000, 0x0000000100000000)
  region size 1024K, 49 young (50176K), 3 survivors (3072K)
 Metaspace       used 34900K, capacity 35660K, committed 35708K, reserved 1081344K
  class space    used 4538K, capacity 4861K, committed 4864K, reserved 1048576K
}
Event: 3.140 GC heap after
{Heap after GC invocations=5 (full 0):
 garbage-first heap   total 262144K, used 22649K [0x0000000080000000, 0x0000000100000000)
  region size 1024K, 6 young (6144K), 6 survivors (6144K)
 Metaspace       used 34900K, capacity 35660K, committed 35708K, reserved 1081344K
  class space    used 4538K, capacity 4861K, committed 4864K, reserved 1048576K
}
Event: 4.306 GC heap before
{Heap before GC invocations=6 (full 0):
 garbage-first heap   total 262144K, used 156793K [0x0000000080000000, 0x0000000100000000)
  region size 1024K, 134 young (137216K), 6 survivors (6144K)
 Metaspace       used 45861K, capacity 46935K, committed 47176K, reserved 1089536K
  class space    used 5889K, capacity 6323K, committed 6348K, reserved 1048576K
}
Event: 4.313 GC heap after
{Heap after GC invocations=7 (full 0):
 garbage-first heap   total 262144K, used 29603K [0x0000000080000000, 0x0000000100000000)
  region size 1024K, 13 young (13312K), 13 survivors (13312K)
 Metaspace       used 45861K, capacity 46935K, committed 47176K, reserved 1089536K
  class space    used 5889K, capacity 6323K, committed 6348K, reserved 1048576K
}
Event: 6.002 GC heap before
{Heap before GC invocations=7 (full 0):
 garbage-first heap   total 262144K, used 180131K [0x0000000080000000, 0x0000000100000000)
  region size 1024K, 152 young (155648K), 13 survivors (13312K)
 Metaspace       used 56889K, capacity 58238K, committed 58312K, reserved 1099776K
  class space    used 7212K, capacity 7721K, committed 7756K, reserved 1048576K
}
Event: 6.017 GC heap after
{Heap after GC invocations=8 (full 0):
 garbage-first heap   total 262144K, used 51316K [0x0000000080000000, 0x0000000100000000)
  region size 1024K, 19 young (19456K), 19 survivors (19456K)
 Metaspace       used 56889K, capacity 58238K, committed 58312K, reserved 1099776K
  class space    used 7212K, capacity 7721K, committed 7756K, reserved 1048576K
}
Event: 6.148 GC heap before
{Heap before GC invocations=8 (full 0):
 garbage-first heap   total 262144K, used 62580K [0x0000000080000000, 0x0000000100000000)
  region size 1024K, 31 young (31744K), 19 survivors (19456K)
 Metaspace       used 58628K, capacity 60014K, committed 60068K, reserved 1101824K
  class space    used 7456K, capacity 7995K, committed 8012K, reserved 1048576K
}
Event: 6.163 GC heap after
{Heap after GC invocations=9 (full 0):
 garbage-first heap   total 262144K, used 54757K [0x0000000080000000, 0x0000000100000000)
  region size 1024K, 3 young (3072K), 3 survivors (3072K)
 Metaspace       used 58628K, capacity 60014K, committed 60068K, reserved 1101824K
  class space    used 7456K, capacity 7995K, committed 8012K, reserved 1048576K
}

Deoptimization events (20 events):
Event: 6.230 Thread 0x00000172eca28800 DEOPT PACKING pc=0x00000172dac53588 sp=0x000000132ebf2350
Event: 6.230 Thread 0x00000172eca28800 DEOPT UNPACKING pc=0x00000172d2fc662f sp=0x000000132ebf22a0 mode 2
Event: 6.238 Thread 0x00000172eca28800 DEOPT PACKING pc=0x00000172d36feb57 sp=0x000000132ebf4370
Event: 6.238 Thread 0x00000172eca28800 DEOPT UNPACKING pc=0x00000172d2fc6dde sp=0x000000132ebf3920 mode 0
Event: 6.244 Thread 0x00000172eca28800 Uncommon trap: trap_request=0xffffff4d fr.pc=0x00000172dabe9868 relative=0x00000000000001c8
Event: 6.244 Thread 0x00000172eca28800 Uncommon trap: reason=unstable_if action=reinterpret pc=0x00000172dabe9868 method=java.util.Arrays.hashCode([B)I @ 1 c2
Event: 6.244 Thread 0x00000172eca28800 DEOPT PACKING pc=0x00000172dabe9868 sp=0x000000132ebf4120
Event: 6.244 Thread 0x00000172eca28800 DEOPT UNPACKING pc=0x00000172d2fc662f sp=0x000000132ebf4098 mode 2
Event: 6.245 Thread 0x00000172eca28800 Uncommon trap: trap_request=0xffffff4d fr.pc=0x00000172dad972c4 relative=0x0000000000000484
Event: 6.245 Thread 0x00000172eca28800 Uncommon trap: reason=unstable_if action=reinterpret pc=0x00000172dad972c4 method=java.lang.StringLatin1.regionMatchesCI([BI[BII)Z @ 66 c2
Event: 6.245 Thread 0x00000172eca28800 DEOPT PACKING pc=0x00000172dad972c4 sp=0x000000132ebf4140
Event: 6.245 Thread 0x00000172eca28800 DEOPT UNPACKING pc=0x00000172d2fc662f sp=0x000000132ebf3fb8 mode 2
Event: 6.245 Thread 0x00000172eca28800 Uncommon trap: trap_request=0xffffff4d fr.pc=0x00000172dab194a0 relative=0x0000000000000080
Event: 6.245 Thread 0x00000172eca28800 Uncommon trap: reason=unstable_if action=reinterpret pc=0x00000172dab194a0 method=java.lang.CharacterDataLatin1.isWhitespace(I)Z @ 14 c2
Event: 6.245 Thread 0x00000172eca28800 DEOPT PACKING pc=0x00000172dab194a0 sp=0x000000132ebf3e40
Event: 6.245 Thread 0x00000172eca28800 DEOPT UNPACKING pc=0x00000172d2fc662f sp=0x000000132ebf3db0 mode 2
Event: 6.250 Thread 0x00000172eca28800 Uncommon trap: trap_request=0xffffff4d fr.pc=0x00000172dab31284 relative=0x0000000000000344
Event: 6.250 Thread 0x00000172eca28800 Uncommon trap: reason=unstable_if action=reinterpret pc=0x00000172dab31284 method=java.lang.StringUTF16.compress([CII)[B @ 13 c2
Event: 6.250 Thread 0x00000172eca28800 DEOPT PACKING pc=0x00000172dab31284 sp=0x000000132ebf2500
Event: 6.250 Thread 0x00000172eca28800 DEOPT UNPACKING pc=0x00000172d2fc662f sp=0x000000132ebf23c8 mode 2

Classes redefined (0 events):
No events

Internal exceptions (20 events):
Event: 5.267 Thread 0x00000172ed08a000 Exception <a 'java/lang/NoSuchMethodError'{0x000000008b0877a0}: <clinit>> (0x000000008b0877a0) thrown at [./src/hotspot/share/prims/jni.cpp, line 1362]
Event: 5.268 Thread 0x00000172ed08a000 Exception <a 'java/lang/NoSuchMethodError'{0x000000008b099840}: <clinit>> (0x000000008b099840) thrown at [./src/hotspot/share/prims/jni.cpp, line 1362]
Event: 5.269 Thread 0x00000172ed08a000 Exception <a 'java/lang/NoSuchMethodError'{0x000000008b0a3dd0}: <clinit>> (0x000000008b0a3dd0) thrown at [./src/hotspot/share/prims/jni.cpp, line 1362]
Event: 5.270 Thread 0x00000172ed08a000 Exception <a 'java/lang/NoSuchMethodError'{0x000000008b0b74d0}: <clinit>> (0x000000008b0b74d0) thrown at [./src/hotspot/share/prims/jni.cpp, line 1362]
Event: 5.281 Thread 0x00000172eca28800 Exception <a 'java/lang/ClassNotFoundException'{0x000000008af11e40}: build_90hqoc5copejxlcnc7ph29vz8BeanInfo> (0x000000008af11e40) thrown at [./src/hotspot/share/classfile/systemDictionary.cpp, line 231]
Event: 5.281 Thread 0x00000172eca28800 Exception <a 'java/lang/ClassNotFoundException'{0x000000008af1cdf8}: build_90hqoc5copejxlcnc7ph29vz8Customizer> (0x000000008af1cdf8) thrown at [./src/hotspot/share/classfile/systemDictionary.cpp, line 231]
Event: 5.303 Thread 0x00000172eca28800 Exception <a 'java/lang/ClassNotFoundException'{0x000000008aec1f18}: org/gradle/api/internal/plugins/DefaultObjectConfigurationActionBeanInfo> (0x000000008aec1f18) thrown at [./src/hotspot/share/classfile/systemDictionary.cpp, line 231]
Event: 5.303 Thread 0x00000172eca28800 Exception <a 'java/lang/ClassNotFoundException'{0x000000008aef8568}: org/gradle/api/internal/plugins/DefaultObjectConfigurationActionCustomizer> (0x000000008aef8568) thrown at [./src/hotspot/share/classfile/systemDictionary.cpp, line 231]
Event: 5.414 Thread 0x00000172eca28800 Exception <a 'java/lang/NoSuchMethodError'{0x000000008a3569a8}: 'java.lang.Object java.lang.invoke.DirectMethodHandle$Holder.invokeStatic(java.lang.Object, java.lang.Object, java.lang.Object, java.lang.Object, int)'> (0x000000008a3569a8) thrown at [./src/hotspot/share/interpreter/linkResolver.cpp, line 773]
Event: 5.414 Thread 0x00000172eca28800 Exception <a 'java/lang/NoSuchMethodError'{0x000000008a35b3a0}: 'java.lang.Object java.lang.invoke.DirectMethodHandle$Holder.invokeSpecial(java.lang.Object, java.lang.Object, java.lang.Object, java.lang.Object, java.lang.Object, int)'> (0x000000008a35b3a0) thrown at [./src/hotspot/share/interpreter/linkResolver.cpp, line 773]
Event: 5.414 Thread 0x00000172eca28800 Exception <a 'java/lang/NoSuchMethodError'{0x000000008a35f9e0}: 'java.lang.Object java.lang.invoke.Invokers$Holder.linkToTargetMethod(java.lang.Object, java.lang.Object, java.lang.Object, int, java.lang.Object)'> (0x000000008a35f9e0) thrown at [./src/hotspot/share/interpreter/linkResolver.cpp, line 773]
Event: 5.615 Thread 0x00000172eca28800 Exception <a 'java/lang/NoSuchMethodError'{0x00000000894a45f0}: 'java.lang.Object java.lang.invoke.DirectMethodHandle$Holder.invokeSpecial(java.lang.Object, java.lang.Object, int, int, java.lang.Object, java.lang.Object, java.lang.Object)'> (0x00000000894a45f0) thrown at [./src/hotspot/share/interpreter/linkResolver.cpp, line 773]
Event: 5.616 Thread 0x00000172eca28800 Exception <a 'java/lang/NoSuchMethodError'{0x00000000894a8b70}: 'java.lang.Object java.lang.invoke.DelegatingMethodHandle$Holder.reinvoke_L(java.lang.Object, int, int, java.lang.Object, java.lang.Object, java.lang.Object)'> (0x00000000894a8b70) thrown at [./src/hotspot/share/interpreter/linkResolver.cpp, line 773]
Event: 5.798 Thread 0x00000172eca28800 Exception <a 'java/lang/NoSuchMethodError'{0x000000008878e640}: 'int java.lang.invoke.DirectMethodHandle$Holder.invokeInterface(java.lang.Object, java.lang.Object, java.lang.Object, java.lang.Object)'> (0x000000008878e640) thrown at [./src/hotspot/share/interpreter/linkResolver.cpp, line 773]
Event: 5.980 Thread 0x00000172eca28800 Exception <a 'java/lang/NoSuchMethodError'{0x0000000086a91c58}: 'void java.lang.invoke.DirectMethodHandle$Holder.invokeInterface(java.lang.Object, java.lang.Object, java.lang.Object, java.lang.Object)'> (0x0000000086a91c58) thrown at [./src/hotspot/share/interpreter/linkResolver.cpp, line 773]
Event: 6.084 Thread 0x00000172eca28800 Exception <a 'java/lang/IncompatibleClassChangeError'{0x000000008f97e648}: Found class java.lang.Object, but interface was expected> (0x000000008f97e648) thrown at [./src/hotspot/share/interpreter/linkResolver.cpp, line 839]
Event: 6.118 Thread 0x00000172eca28800 Implicit null exception at 0x00000172dad73b54 to 0x00000172dad73d38
Event: 6.118 Thread 0x00000172eca28800 Implicit null exception at 0x00000172dad72739 to 0x00000172dad7281c
Event: 6.206 Thread 0x00000172eca28800 Implicit null exception at 0x00000172dabbd28b to 0x00000172dabbd364
Event: 6.244 Thread 0x00000172eca28800 Implicit null exception at 0x00000172dabe96ac to 0x00000172dabe985a

Events (20 events):
Event: 6.256 loading class sun/security/provider/certpath/X509CertPath
Event: 6.256 loading class java/security/cert/CertPath
Event: 6.256 loading class java/security/cert/CertPath done
Event: 6.256 loading class sun/security/provider/certpath/X509CertPath done
Event: 6.256 loading class sun/security/timestamp/TimestampToken
Event: 6.257 loading class sun/security/timestamp/TimestampToken done
Event: 6.257 loading class java/security/Timestamp
Event: 6.257 loading class java/security/Timestamp done
Event: 6.257 loading class java/security/interfaces/DSAPrivateKey
Event: 6.257 loading class java/security/interfaces/DSAPrivateKey done
Event: 6.257 loading class sun/security/provider/DSA$SHA1withDSA
Event: 6.257 loading class sun/security/provider/DSA
Event: 6.258 loading class sun/security/provider/DSA done
Event: 6.258 loading class sun/security/provider/DSA$SHA1withDSA done
Event: 6.258 loading class java/security/interfaces/DSAParams
Event: 6.258 loading class java/security/interfaces/DSAParams done
Event: 6.258 loading class java/security/spec/DSAParameterSpec
Event: 6.258 loading class java/security/spec/DSAParameterSpec done
Event: 6.259 loading class java/math/SignedMutableBigInteger
Event: 6.259 loading class java/math/SignedMutableBigInteger done


Dynamic libraries:
0x00007ff727800000 - 0x00007ff72780a000 	D:\Android\AndroidStudio\jre\bin\java.exe
0x00007ffbab8b0000 - 0x00007ffbabaa8000 	C:\WINDOWS\SYSTEM32\ntdll.dll
0x00007ffbaa610000 - 0x00007ffbaa6cd000 	C:\WINDOWS\System32\KERNEL32.DLL
0x00007ffba94e0000 - 0x00007ffba97ae000 	C:\WINDOWS\System32\KERNELBASE.dll
0x00007ffba8fd0000 - 0x00007ffba90d0000 	C:\WINDOWS\System32\ucrtbase.dll
0x00007ffba2340000 - 0x00007ffba2357000 	D:\Android\AndroidStudio\jre\bin\VCRUNTIME140.dll
0x00007ffb908c0000 - 0x00007ffb908d9000 	D:\Android\AndroidStudio\jre\bin\jli.dll
0x00007ffbaa470000 - 0x00007ffbaa610000 	C:\WINDOWS\System32\USER32.dll
0x00007ffba90d0000 - 0x00007ffba90f2000 	C:\WINDOWS\System32\win32u.dll
0x00007ffbab630000 - 0x00007ffbab65a000 	C:\WINDOWS\System32\GDI32.dll
0x00007ffba9320000 - 0x00007ffba942b000 	C:\WINDOWS\System32\gdi32full.dll
0x00007ffb91560000 - 0x00007ffb917fa000 	C:\WINDOWS\WinSxS\amd64_microsoft.windows.common-controls_6595b64144ccf1df_6.0.19041.1110_none_60b5254171f9507e\COMCTL32.dll
0x00007ffba91f0000 - 0x00007ffba928d000 	C:\WINDOWS\System32\msvcp_win.dll
0x00007ffbab100000 - 0x00007ffbab19e000 	C:\WINDOWS\System32\msvcrt.dll
0x00007ffba9c40000 - 0x00007ffba9c70000 	C:\WINDOWS\System32\IMM32.DLL
0x00007ffb78880000 - 0x00007ffb7891d000 	D:\Android\AndroidStudio\jre\bin\msvcp140.dll
0x00007ffb49690000 - 0x00007ffb4a165000 	D:\Android\AndroidStudio\jre\bin\server\jvm.dll
0x00007ffba9c70000 - 0x00007ffba9d1e000 	C:\WINDOWS\System32\ADVAPI32.dll
0x00007ffba9ae0000 - 0x00007ffba9b7c000 	C:\WINDOWS\System32\sechost.dll
0x00007ffbaaeb0000 - 0x00007ffbaafd5000 	C:\WINDOWS\System32\RPCRT4.dll
0x00007ffba9d20000 - 0x00007ffba9d28000 	C:\WINDOWS\System32\PSAPI.DLL
0x00007ffba0db0000 - 0x00007ffba0dba000 	C:\WINDOWS\SYSTEM32\VERSION.dll
0x00007ffb9da60000 - 0x00007ffb9da87000 	C:\WINDOWS\SYSTEM32\WINMM.dll
0x00007ffba6430000 - 0x00007ffba6439000 	C:\WINDOWS\SYSTEM32\WSOCK32.dll
0x00007ffbab090000 - 0x00007ffbab0fb000 	C:\WINDOWS\System32\WS2_32.dll
0x00007ffba6ed0000 - 0x00007ffba6ee2000 	C:\WINDOWS\SYSTEM32\kernel.appcore.dll
0x00007ffba1f40000 - 0x00007ffba1f51000 	D:\Android\AndroidStudio\jre\bin\verify.dll
0x00007ffba67a0000 - 0x00007ffba6984000 	C:\WINDOWS\SYSTEM32\DBGHELP.DLL
0x00007ffb9b880000 - 0x00007ffb9b8ac000 	C:\WINDOWS\SYSTEM32\dbgcore.DLL
0x00007ffba9290000 - 0x00007ffba9312000 	C:\WINDOWS\System32\bcryptPrimitives.dll
0x00007ffba1160000 - 0x00007ffba1189000 	D:\Android\AndroidStudio\jre\bin\java.dll
0x00007ffba63b0000 - 0x00007ffba63bb000 	D:\Android\AndroidStudio\jre\bin\jimage.dll
0x00007ffb91050000 - 0x00007ffb91068000 	D:\Android\AndroidStudio\jre\bin\zip.dll
0x00007ffbaa6d0000 - 0x00007ffbaae14000 	C:\WINDOWS\System32\SHELL32.dll
0x00007ffba70d0000 - 0x00007ffba7864000 	C:\WINDOWS\SYSTEM32\windows.storage.dll
0x00007ffbab2d0000 - 0x00007ffbab624000 	C:\WINDOWS\System32\combase.dll
0x00007ffba8a30000 - 0x00007ffba8a60000 	C:\WINDOWS\SYSTEM32\Wldp.dll
0x00007ffbaafe0000 - 0x00007ffbab08d000 	C:\WINDOWS\System32\SHCORE.dll
0x00007ffba9b80000 - 0x00007ffba9bd5000 	C:\WINDOWS\System32\shlwapi.dll
0x00007ffba8f10000 - 0x00007ffba8f2f000 	C:\WINDOWS\SYSTEM32\profapi.dll
0x00007ffb90890000 - 0x00007ffb908aa000 	D:\Android\AndroidStudio\jre\bin\net.dll
0x00007ffb9cd10000 - 0x00007ffb9ce1a000 	C:\WINDOWS\SYSTEM32\WINHTTP.dll
0x00007ffba8790000 - 0x00007ffba87fa000 	C:\WINDOWS\system32\mswsock.dll
0x00007ffb8cff0000 - 0x00007ffb8d004000 	D:\Android\AndroidStudio\jre\bin\nio.dll
0x00007ffb85f90000 - 0x00007ffb85fb7000 	C:\Users\09\.gradle\native\e1d6ef7f7dcc3fd88c89a11ec53ec762bb8ba0a96d01ffa2cd45eb1d1d8dd5c5\windows-amd64\native-platform.dll
0x00007ffb4ec30000 - 0x00007ffb4ed74000 	C:\Users\09\.gradle\native\5664cfc778a61ccfe75a443a1ab52a65af34e5dc3c78e0209fed803814484fcb\windows-amd64\native-platform-file-events.dll
0x00007ffba36d0000 - 0x00007ffba36da000 	D:\Android\AndroidStudio\jre\bin\management.dll
0x00007ffba36a0000 - 0x00007ffba36ad000 	D:\Android\AndroidStudio\jre\bin\management_ext.dll
0x00007ffba8980000 - 0x00007ffba8998000 	C:\WINDOWS\SYSTEM32\CRYPTSP.dll
0x00007ffba80a0000 - 0x00007ffba80d4000 	C:\WINDOWS\system32\rsaenh.dll
0x00007ffba9100000 - 0x00007ffba9127000 	C:\WINDOWS\System32\bcrypt.dll
0x00007ffba8ed0000 - 0x00007ffba8efe000 	C:\WINDOWS\SYSTEM32\USERENV.dll
0x00007ffba89a0000 - 0x00007ffba89ac000 	C:\WINDOWS\SYSTEM32\CRYPTBASE.dll
0x00007ffba8430000 - 0x00007ffba846b000 	C:\WINDOWS\SYSTEM32\IPHLPAPI.DLL
0x00007ffba9ad0000 - 0x00007ffba9ad8000 	C:\WINDOWS\System32\NSI.dll
0x00007ffba10b0000 - 0x00007ffba10c7000 	C:\WINDOWS\SYSTEM32\dhcpcsvc6.DLL
0x00007ffba10f0000 - 0x00007ffba110d000 	C:\WINDOWS\SYSTEM32\dhcpcsvc.DLL
0x00007ffba8480000 - 0x00007ffba854b000 	C:\WINDOWS\SYSTEM32\DNSAPI.dll

dbghelp: loaded successfully - version: 4.0.5 - missing functions: none
symbol engine: initialized successfully - sym options: 0x614 - pdb path: .;D:\Android\AndroidStudio\jre\bin;C:\WINDOWS\SYSTEM32;C:\WINDOWS\WinSxS\amd64_microsoft.windows.common-controls_6595b64144ccf1df_6.0.19041.1110_none_60b5254171f9507e;D:\Android\AndroidStudio\jre\bin\server;C:\Users\09\.gradle\native\e1d6ef7f7dcc3fd88c89a11ec53ec762bb8ba0a96d01ffa2cd45eb1d1d8dd5c5\windows-amd64;C:\Users\09\.gradle\native\5664cfc778a61ccfe75a443a1ab52a65af34e5dc3c78e0209fed803814484fcb\windows-amd64

VM Arguments:
jvm_args: --add-opens=java.base/java.util=ALL-UNNAMED --add-opens=java.base/java.lang=ALL-UNNAMED --add-opens=java.base/java.lang.invoke=ALL-UNNAMED --add-opens=java.base/java.util=ALL-UNNAMED --add-opens=java.prefs/java.util.prefs=ALL-UNNAMED --add-opens=java.prefs/java.util.prefs=ALL-UNNAMED --add-opens=java.base/java.nio.charset=ALL-UNNAMED --add-opens=java.base/java.net=ALL-UNNAMED --add-opens=java.base/java.util.concurrent.atomic=ALL-UNNAMED -Xmx2048m -Dfile.encoding=UTF-8 -Duser.country=CN -Duser.language=zh -Duser.variant 
java_command: org.gradle.launcher.daemon.bootstrap.GradleDaemon 7.2
java_class_path (initial): C:\Users\09\.gradle\wrapper\dists\gradle-7.2-bin\2dnblmf4td7x66yl1d74lt32g\gradle-7.2\lib\gradle-launcher-7.2.jar
Launcher Type: SUN_STANDARD

[Global flags]
     intx CICompilerCount                          = 4                                         {product} {ergonomic}
     uint ConcGCThreads                            = 2                                         {product} {ergonomic}
     uint G1ConcRefinementThreads                  = 8                                         {product} {ergonomic}
   size_t G1HeapRegionSize                         = 1048576                                   {product} {ergonomic}
    uintx GCDrainStackTargetSize                   = 64                                        {product} {ergonomic}
   size_t InitialHeapSize                          = 268435456                                 {product} {ergonomic}
   size_t MarkStackSize                            = 4194304                                   {product} {ergonomic}
   size_t MaxHeapSize                              = 2147483648                                {product} {command line}
   size_t MaxNewSize                               = 1287651328                                {product} {ergonomic}
   size_t MinHeapDeltaBytes                        = 1048576                                   {product} {ergonomic}
    uintx NonNMethodCodeHeapSize                   = 5836300                                {pd product} {ergonomic}
    uintx NonProfiledCodeHeapSize                  = 122910970                              {pd product} {ergonomic}
    uintx ProfiledCodeHeapSize                     = 122910970                              {pd product} {ergonomic}
    uintx ReservedCodeCacheSize                    = 251658240                              {pd product} {ergonomic}
     bool SegmentedCodeCache                       = true                                      {product} {ergonomic}
     bool UseCompressedClassPointers               = true                                 {lp64_product} {ergonomic}
     bool UseCompressedOops                        = true                                 {lp64_product} {ergonomic}
     bool UseG1GC                                  = true                                      {product} {ergonomic}
     bool UseLargePagesIndividualAllocation        = false                                  {pd product} {ergonomic}

Logging:
Log output configuration:
 #0: stdout all=warning uptime,level,tags
 #1: stderr all=off uptime,level,tags

Environment Variables:
JAVA_HOME=D:\Java\jdk16.0.2
CLASSPATH=.;D:\Java\jdk16.0.2\lib\dt.jar;D:\Java\jdk16.0.2\lib\tools.jar;D:\Java\work
PATH=C:\Windows\system32;C:\Windows;C:\Windows\System32\Wbem;C:\Windows\System32\WindowsPowerShell\v1.0\;C:\Windows\System32\OpenSSH\;C:\Program Files (x86)\NVIDIA Corporation\PhysX\Common;C:\Program Files\NVIDIA Corporation\NVIDIA NvDLISR;C:\Users\09\Appdatas\Local\Programs\Python\Python39;D:\Python\Python39;D:\Python\python27;D:\anaconda3;D:\anaconda3\Scripts;D:\anaconda3\Library\bin;D:\anaconda3\Library\mingw-w64\bin;D:\;C:\Program Files\dotnet\;C:\Program Files\Microsoft SQL Server\130\Tools\Binn\;C:\Program Files\Microsoft SQL Server\Client SDK\ODBC\170\Tools\Binn\;C:\Program Files\Calibre2\;C:\WINDOWS\system32;C:\WINDOWS;C:\WINDOWS\System32\Wbem;C:\WINDOWS\System32\WindowsPowerShell\v1.0\;C:\WINDOWS\System32\OpenSSH\;"D:\Java\jdk16.0.2\bin;";D:\Java\jdk16.0.2\jre\bin;C:\Program Files\Common Files\Oracle\Java\javapath;D:\Android\Virtual;D:\CTEX\UserData\miktex\bin;D:\CTEX\MiKTeX\miktex\bin;D:\CTEX\CTeX;D:\CTEX\CTeX\Packages\ctex\bin;D:\CTEX\CTeX;D:\CTEX\CTeX\Packages\cct\bin;D:\CTEX\CTeX;D:\CTEX\CTeX\Packages\ty\bin;D:\CTEX\WinEdt;D:\Python\Scripts\;D:\Python\;C:\Users\09\AppData\Local\Microsoft\WindowsApps;C:\Users\09\.dotnet\tools;D:\PyCharm Community Edition 2021.2.2\bin;;;D:\Java\IntelliJ\IntelliJ IDEA Community Edition 2021.3.3\bin;
USERNAME=09
OS=Windows_NT
PROCESSOR_IDENTIFIER=Intel64 Family 6 Model 165 Stepping 2, GenuineIntel



---------------  S Y S T E M  ---------------

OS: Windows 10 , 64 bit Build 19041 (10.0.19041.1806)
OS uptime: 0 days 9:02 hours

CPU:total 8 (initial active 8) (4 cores per cpu, 2 threads per core) family 6 model 165 stepping 2 microcode 0xc8, cmov, cx8, fxsr, mmx, sse, sse2, sse3, ssse3, sse4.1, sse4.2, popcnt, avx, avx2, aes, clmul, erms, 3dnowpref, lzcnt, ht, tsc, tscinvbit, bmi1, bmi2, adx, fma

Memory: 4k page, system-wide physical 16291M (5279M free)
TotalPageFile size 26002M (AvailPageFile size 34M)
current process WorkingSet (physical memory assigned to process): 427M, peak: 430M
current process commit charge ("private bytes"): 503M, peak: 507M

vm_info: OpenJDK 64-Bit Server VM (11.0.11+9-b60-7590822) for windows-amd64 JRE (11.0.11+9-b60-7590822), built on Jul 29 2021 21:43:44 by "builder" with MS VC++ 14.0 (VS2015)

END.
